Start evaluation on file src/main/resources/dataset/censusMatch.xml
Passed 2788 tests on 2842. Total time: 4064217.306112 millisec
" W DAVIES";"WINDY E DAVIS";"0.0";
"TYLER DUFFY";"GERALDINE L DUFFY-TYLER";"0.0";
"TYLER DUFFY";"NATASHA DUFFY-TYLER";"0.0";
"TYLER DUFFY";"ALLICIA DUFFY-TYLER";"0.0";
"TYLER L DUFFY";"LAWRENCE A DUFFY-TYLER";"0.0";
"TYLER DUFFY";"BEN M DUFFY-TYLER";"0.0";
"TYLER D DUFFY";"DAVID F DUFFY-TYLER";"0.0";
" J WASHINGTON";"JEFFREY P HOSHINGTON";"0.0";
"NILSA D EASLEY";"NILSAIVETTE D EASELY";"0.0";
"KATHERINE M SYKS";"KATHY M SYKES";"0.0";
"JEAN A ARCHER";" J ARCHBR";"0.0";
"WELLS PAINE";"SIFRIDO J PAINE-WELLS";"0.0";
"WELLS PAINE";"ABEL PAINE-WELLS";"0.0";
"WELLS PAINE";"BARBRA L PAINE-WELLS";"0.0";
"WILLPAMINA S JIMENCZ";"WILHEMENIA JIMENEZ";"0.0";
"WELLS PAINE";"IGANACIO J PAINE-WELLS";"0.0";
"WELLS PAINE";"WALDO J PAINE-WELLS";"0.0";
"FREDERICK A STEWARD";"FRED A STEWART";"0.0";
"LEIVA DANIEL";"THAU DANIEL-LEIVA";"0.0";
"LEIVA DANIEL";"SAM J DANIEL-LEIVA";"0.0";
"DANIEL GRANER";"DANNY GARNER";"0.0";
"AJASIA M DECANAY";" A DACANAY";"0.0";
"ELLA STAPPY";"ELOUISE F STOPPY";"0.0";
"JOSEPH E LETO";" J CETO";"0.0";
"CATHERINE L SAUNDERS";"KATHY L SANDERS";"0.0";
"CATHY ROWEN";"CATHERINE ROWAN";"0.0";
"THUYKIM VARGAS";"MUNOZ VARGAS";"0.0";
"ELIZABETH L VARGAS";"ELIZBETH L VARGAS-HERNAN";"0.0";
"BRANDEN R VARGAS";"BRANDON R VARGAS-HERNAN";"0.0";
"ALEXANDER R VARGAS";"ALEXANDE R VARGAS-HERNAN";"0.0";
"LEARONAD A BENITEZ";"LENARD A BENETAS";"0.0";
"SAMUEL R BENITEZ";"SAMMY R BENETAS";"0.0";
"ISRAEL M SWAGOI";"ISAREL SHAWQI";"0.0";
"MARY SWAGOI";"MARYCAROLE SHAWQI";"0.0";
"CHARLES A SWAGOI";"CHARES SHAWQI";"0.0";
"FLAINE A ELLIOTT";"ELAINE A ELLICATT-KEAN";"0.0";
"CHERYL ELLIOTT";"SHERYL ELLICATT-KEAN";"0.0";
"ALE ERVINE";"ALEJANDRO A IRVIN";"0.0";
"ROSEMARIE GORDON";"ROSE GORODN";"0.0";
"MICHAEL C GENE";"MICHEAL JEANS";"0.0";
"ANGELA E SANTIAGO";"ANGLA E MATEO";"0.0";
"GEORGE L SANTIAGO";"GEORGE MATEO";"0.0";
"PELHAM SANTIAGO";"DELHAM MATEO";"0.0";
"JESSEE T SANTIAGO";"JESSE MATEO";"0.0";
"KENNETH R COBEZA";"KEN R KABEZA";"0.0";
" J ROTHSHILD";"JAYANN L ROTHCHILD";"0.0";
"HUTCHINSON";"HUTCHINSON";"1.0";
" E OWENS";" M GOWANS";"0.6666666666666666";
"ALLICIA DUFFY-TYLER";"LAWRENCE A DUFFY-TYLER";"0.6818181818181818";
" D BURGERSS";" D BURGESS";"0.9";
" M GOWANS";" L OWENS";"0.625";
" L OWENS";" L GOINS";"0.625";
" D BURGESS";" E BURGESS";"0.9";
" L MATKIN";"MATKIN";"1.0";
True Positive: 281
True Negative: 2507
False Positive: 8
False Negative: 46
Accuracy: 0.9809992962702322
Precision: 0.972318339100346
Recall: 0.8593272171253823
F-measure: 0.9123376623376623
Overall time: 4.064175999999997 ms
Average match time: 0.0014300408163265296 ms
Start evaluation on file src/main/resources/dataset/censusMatch.xml
Passed 2470 tests on 2842. Total time: 3075859.384832 millisec
"TYLER DUFFY";"GERALDINE L DUFFY-TYLER";"0.0";
"TYLER DUFFY";"NATASHA DUFFY-TYLER";"0.0";
"TYLER DUFFY";"ALLICIA DUFFY-TYLER";"0.0";
"TYLER L DUFFY";"LAWRENCE A DUFFY-TYLER";"0.0";
"TYLER DUFFY";"BEN M DUFFY-TYLER";"0.0";
"TYLER D DUFFY";"DAVID F DUFFY-TYLER";"0.0";
" J WASHINGTON";"JEFFREY P HOSHINGTON";"0.0";
"NILSA D EASLEY";"NILSAIVETTE D EASELY";"0.0";
"WELLS PAINE";"SIFRIDO J PAINE-WELLS";"0.0";
"WELLS PAINE";"ABEL PAINE-WELLS";"0.0";
"WELLS PAINE";"BARBRA L PAINE-WELLS";"0.0";
"WELLS PAINE";"IGANACIO J PAINE-WELLS";"0.0";
"WELLS PAINE";"WALDO J PAINE-WELLS";"0.0";
"FREDERICK A STEWARD";"FRED A STEWART";"0.0";
"LEIVA DANIEL";"THAU DANIEL-LEIVA";"0.0";
"LEIVA DANIEL";"SAM J DANIEL-LEIVA";"0.0";
"AJASIA M DECANAY";" A DACANAY";"0.0";
"ELLA STAPPY";"ELOUISE F STOPPY";"0.0";
"JOSEPH E LETO";" J CETO";"0.0";
"CATHERINE L SAUNDERS";"KATHY L SANDERS";"0.0";
"ELIZABETH L VARGAS";"ELIZBETH L VARGAS-HERNAN";"0.0";
"BRANDEN R VARGAS";"BRANDON R VARGAS-HERNAN";"0.0";
"ALEXANDER R VARGAS";"ALEXANDE R VARGAS-HERNAN";"0.0";
"MARY SWAGOI";"MARYCAROLE SHAWQI";"0.0";
"FLAINE A ELLIOTT";"ELAINE A ELLICATT-KEAN";"0.0";
"CHERYL ELLIOTT";"SHERYL ELLICATT-KEAN";"0.0";
"ALE ERVINE";"ALEJANDRO A IRVIN";"0.0";
"ROSEMARIE GORDON";"ROSE GORODN";"0.0";
"GEORGE L SANTIAGO";"GEORGE MATEO";"0.0";
"JESSEE T SANTIAGO";"JESSE MATEO";"0.0";
" J ROTHSHILD";"JAYANN L ROTHCHILD";"0.0";
"EARLE M CAGER";"EARNEST A ROWEN";"0.69002849002849";
"GERARDO F JOLMES";"PABLOS U GASBARRO";"0.6710784313725492";
"GERARD A SQUILLANGE";"ADRIAN L CARVAJAL";"0.6048503611971104";
"ALMA C MASLIN";"MABLE MALDONADO";"0.6159544159544159";
"FLORY D EASELY";"ROSELIME D CARL";"0.6936507936507935";
"LUC M JONES";" M GOWANS";"0.7373737373737373";
"CRISTOPHER J ROWAN";"COVNELIA M FLOWERS";"0.6370370370370371";
"SONYA K RAMOS";"EDNA L DORSLY";"0.6446886446886446";
"DANYA L CHEESEMAN";"ANA M TREZEVANT";"0.7098039215686275";
"THRESA VALDES";"ARLIE A STAPPY";"0.6039377289377289";
"KRISTY GORODN";"KATHY DORSER";"0.6596459096459096";
"DANNY A WEBSTER";"AMAURY P WASHINGTON";"0.6097953216374269";
"LONORA S SHANKS";"DENARIO E HACHETT";"0.6263071895424837";
"THRESA VALDES";"TRYONE M DAVID";"0.6318681318681318";
"JEFF L RHODES";"DEREK ROUNSEVELLE";"0.6119909502262444";
"ISRAEL M SWAGOI";"PELHAM SANTIAGO";"0.6444444444444444";
"ERNEST R DRENMON";"RUFUS D HOERNING";"0.6166666666666667";
"HARRIET J TUNSTALL";"DOROTHEA T HENRIKSON";"0.6166666666666667";
" L BURGERSS";" L COSGRAVE";"0.7099567099567099";
"HARRIET J TUNSTALL";"IASHA C MOSGUERA";"0.6134259259259259";
"DOUGASS S DUCOTY";"SYKES";"0.7333333333333334";
"CORRINE KUMOR";"MAJORIE A GARNER";"0.6121794871794872";
"ALMA C MASLIN";"ADMAN L CAVAJEL";"0.6529914529914529";
" C WHITAKER";" J WASHINGTON";"0.6297036297036297";
"JOSH D RADRIGZ";"RUFUS D HOERNING";"0.6980820105820106";
"SHANIKA E KEARNEY";"NWAMAKA M REEVES";"0.6569741532976826";
"DANTE E CHEESEMAN";"JEANETTE M MCALLISTER";"0.6663793722617252";
"GERALDINE A RODREQUE";"ALEXANDE R VARGAS-HERNAN";"0.627991452991453";
"MYRIAM S RUSSALL";"MARIEA A HALLORAW";"0.6377450980392158";
"PABLOS U GASBARRO";"LEANNE GASBARRO";"0.7025549613784907";
"NATHANIAL N GLICK";"MICHELLE M GALIDEZ";"0.60239651416122";
"HUTCHINSON";"HUTCHINSON";"1.0";
"DOMINIC B MOHRINA";"DOROTHEA T HENRIKSON";"0.6111408199643494";
"ELOUISE F STOPPY";"ALFREDICA S YATES";"0.6377450980392158";
"STG MARTINEZ";"STEWART K RIVERA";"0.6388888888888888";
" E OWENS";" M GOWANS";"0.8055555555555555";
" D REAVES";" D BANK";"0.671957671957672";
" S OWENS";" T GOINS";"0.75";
"ALLICIA DUFFY-TYLER";"LAWRENCE A DUFFY-TYLER";"0.7314593301435407";
"MARJORIE A GRANER";"CORNELIA M FLOWER";"0.6122004357298475";
"MARIEA A HALLORAW";"SAMIAR I HENRIKSON";"0.6012081600316894";
"RROBERT T GERING";"BERRY J CARR";"0.6259920634920636";
"JEFFREY C RHOADS";"CATHERINE L SAUNDERS";"0.6549242424242424";
"JOHNNY HETTERICH";"HUTCHINSON";"0.6185185185185186";
"TRYONE M DAVID";"ZIONARA T ERVINE";"0.6610449735449735";
" A CHISOLM";"THUYKIM VARGAS";"0.6190476190476191";
"MICHAEL T HOLLY";"ALICIA B CENTURY";"0.6097222222222222";
"TRAINA A HOERRLING";"QUENTIN R RODRIGUEZ";"0.6549707602339181";
"BARBARA M JIMENEZ";"LELA M LASITTER";"0.6263071895424837";
" M KEARNS";" A DORSIE";"0.6296296296296297";
"DOLORES R BENETAS";"RENNE M DAVIS";"0.6024563671622495";
"LATISHA D CONRON";"PHYLLIS L HENRIKSON";"0.6171052631578947";
"JOANNIE FLEEK";"FREEMAN R TORRES";"0.6217948717948718";
"DAVONE B SHANKS";"NAOMI K JONES";"0.6329059829059829";
"RUTHANN M BELTAN";"PAMELA T HASKINS";"0.6833333333333332";
" R HUGGINCHES";" B BARNES";"0.6538461538461539";
"TRYONE M DAVID";" T TREZEVANT";"0.621031746031746";
" A HELLER";" M WHITAKER";"0.6700336700336701";
"ANNE G SOLLIVAN";"RAMON L CENTURY";"0.6055555555555555";
"NATHANIAL N GLICK";"FLAINE A ELLIOTT";"0.6232298474945533";
"STG MARTINEZ";"ANNE A GREEN";"0.6111111111111112";
"MABLE MALDONADO";"SHAVAN M DOMINQUEZ";"0.6259259259259259";
"DENARIO E HACHETT";"ELMER A BELTRAN";"0.6357298474945533";
"JAMES C HAMMONDS";"JANNIE M RHODES";"0.7305555555555555";
" R HEAVENER";"ERICA MARTINEZ";"0.6168831168831169";
"DANYAE KENNY";"MATHEW EASELY";"0.6004273504273504";
"SHAWN E COBEZA";"ANGLA E MATEO";"0.6872710622710624";
"BIANCA A GEHRING";"GERARD A SQUILLANGE";"0.6171052631578947";
"MICHEAL JEANS";"ERICK D HOLMES";"0.6039377289377289";
"JOHNNY HETTERICH";"JANICE HUBRICK";"0.6488095238095238";
" E OWENS";" A MALENDES";"0.6931818181818182";
"SAMIAR I HENRIKSON";"CORNLIUS M HACKER";"0.6797385620915032";
"GIANNI E HILLEGAS";"CHARLIE A WILLIAMS";"0.7075163398692811";
" L GREEN";" L MATKIN";"0.6481481481481481";
"SHANIKA E KEARNEY";"ISAREL SHAWQI";"0.653657616892911";
" A DORSIE";" M GOWANS";"0.6296296296296297";
"LEARONAD A BENITEZ";"MARIANNA B AHREWS";"0.6479302832244008";
" C COTTEN";"COATES";"0.7037037037037037";
"DOROTHEA K LASSITER";"ROSEMARY ALSTON";"0.6716374269005848";
"DOROTHEA T HENRIKSON";"ORESTES S MUCCIO";"0.6083333333333333";
" R DORMAN";" E OWENS";"0.6481481481481481";
"JANICE M MOHRING";"JUAN E ERVINE";"0.714565527065527";
"BEN LESKO";"JOHNNIE FLEET";"0.6538461538461539";
"LENWOOD M HAMMONDS";"LAKESHIA O MOSQUERA";"0.62729044834308";
"SAMIAR I HENRIKSON";"SHEILA SINEFIELD";"0.6268518518518519";
"JOSH D RADRIGZ";"GEORGE L SANTIAGO";"0.6390056022408963";
"INGER B SMALLS";"DANEILLE S LAKATOS";"0.6232804232804233";
"SHANTELL A STEWART";"STEPHENS I WASHINGTON";"0.6349206349206349";
"REYANN J ROGLIN";"QUENTIN R RODRIGUEZ";"0.6309941520467836";
"CHARLS P HUBRICK";" R HUGGINCHES";"0.603454415954416";
"DIANE M HULLEY";"KERI D EASLEY";"0.6672771672771672";
"ALFREDA L ROWAN";"CAROLYN L BODNER";"0.6305555555555555";
"FLORIPE D EASLEY";"MARNELA E CAMBLE";"0.6342592592592592";
"TAWYA O MOSGUERA";"DOUGLAS S DOCUTY";"0.6166666666666667";
" N OWENS";" P BANK";"0.6011904761904762";
"ASHLEY KEARNAY";"WELLS PAINE";"0.6168831168831169";
"FREMAN R TORRIS";"RODRICK CARTER";"0.6603174603174603";
"THERSA G COSGRAVE";"ROMINE O MOSQUERA";"0.6122004357298475";
"RONNY KABEZA";"RUBY E RODRIGUEZ";"0.6259920634920636";
" D BURGERSS";" D BURGESS";"0.9696969696969697";
"CORTE D HACHETT";"FRED A STEWART";"0.6735449735449736";
"JACQUELINE HUDSON";"ROSELINE D CARR";"0.6261437908496732";
"EDWIN M CAGER";"DIMON T HOLLEY";"0.6318681318681318";
"EDWIN M CAGER";"SEKOU L COSGRAOE";"0.6217948717948718";
"SILYIA M SPINWATO";"SHEILA SINEFIELD";"0.6602668845315903";
"ROSE C HILLEGASS";"DENARIO E HACHETT";"0.6044117647058824";
"TRYONE M DAVID";" T TREZEVANT";"0.621031746031746";
"THRESA A PENSETH";"ANGELA E SANTIAGO";"0.6232298474945533";
"GISELA M BELTRAN";"BEN M DUFFY-TYLER";"0.6151960784313726";
" M GOWANS";" L OWENS";"0.8055555555555555";
"KRISTY L GORDON";"CRISTOPHER J ROWAN";"0.674074074074074";
"MICHEAL ALSTIN";"MARY SWAGOI";"0.6024531024531025";
" A 1RUMOR";"MAG R BODMER";"0.6441798941798942";
" L HENNEGGEY";" A HELLER";"0.611111111111111";
"REFUS D HOERRLING";"FREDERICK A STEWARD";"0.6048503611971104";
"ROMAINE O MOSGUERA";"RUBY E RODRIGUEZ";"0.6268518518518519";
"ZACNARY HOERNING";"SAMANTHA H HENRIKSON";"0.6246212121212121";
"CORNLIUS M HACKER";"AUNDERE V JIMENCZ";"0.6122004357298475";
" A DIGGS";" V WIESMAN";"0.6333333333333333";
"TANYA O MOSQUERA";"NICHOLAS G SANDERS";"0.6134259259259259";
"JUDY A KEICHENBERG";"MARY DICKERSON";"0.6232804232804233";
" M COBEZA";" D CAMPBELL";"0.6618566618566618";
" D REAVES";"ENGER B SMALL";"0.6292226292226292";
"LUIS A SQUILLANTE";"SILYIA M SPINWATO";"0.6737967914438503";
"CHANSE E YATES";"STEFAN HASKINS";"0.6507936507936508";
"MARQUIS E MALDONABO";"AJASIA M DECANAY";"0.6342703349282296";
"THRESSA A PENSMITH";"ANA M TREZEVANT";"0.6407407407407407";
"EMMETTE E RICHARDSON";"ROSETTA THOMPSON";"0.6416666666666667";
" A RUMOR";" A GASBARRO";"0.6265151515151516";
"GEROME J MITCHELL";"GOILLERMO E CRIBER";"0.6618142206377501";
"ALISA M RUDASILL";"DARON S POLLACK";"0.6097222222222222";
"SHERRI V WILLIAMS";"HARRIET R GARRETT";"0.6053921568627451";
"WILLPAMINA S JIMENCZ";"MELLISSA A RUIHLING";"0.6327485380116958";
"IVAN R CENTURY";"ERICA MARTINEZ";"0.6137566137566138";
"EARNEST A ROWEN";"HERMEN M MOSQUERA";"0.6516339869281046";
"ALISA Y HACHETT";"PAMELA T HASKINS";"0.6638888888888889";
"CLARA J AQUENDO";"ADMAN L CAVAJEL";"0.6777777777777777";
" A BURRISS";"SARAH N DAVIES";"0.6206349206349207";
"FRANCISO D JOLMES";"JAMIE E HILLEGAS";"0.6164215686274509";
"DOROTHEA T HENRIKSON";"STEVEN I HOSHINGTON";"0.6932330827067669";
"ANDERSON";"DANYAE KENNY";"0.6138888888888889";
"ANTONINO E CAMPBELL";"XANTHE N PAIGIE";"0.6798511430090377";
"HAILIE E HILLEGASS";"DANTE E CHEESEMAN";"0.6394335511982571";
"BEN W WILKES";" L MATKIN";"0.6138888888888889";
"JACQUELIN HUTSON";"ANNE G SOLLIVAN";"0.6097222222222222";
" E KEARNS";" A HELLER";"0.6370370370370371";
"JEFF J BELTRAN";"ALFREDA L ROWAN";"0.6182539682539683";
"DONYA L CHEESMAN";"ANTONINO E CAMPBELL";"0.6171052631578947";
"DOLORES R BENETAS";"ABEL PAINE-WELLS";"0.6232298474945533";
"MARIEA A HALLORAW";"ERNEST A ROWAN";"0.6500155617802678";
"DOMINIQUE S CONYERE";"EARNEST R DRENNON";"0.6207899427713669";
"XIOMARA E WASHINGTON";"DONYA L CHEESMAN";"0.6083333333333333";
"ERNEST A ROWAN";"ASHLEY KEARNAY";"0.6309523809523809";
"WYLIE A BELTAN";"MICHEAL T HOLLEY";"0.6464285714285715";
" B BARNES";" E BURGESS";"0.7000000000000001";
"EDNA L DORSLY";"KEN E GALIDEZ";"0.6446886446886446";
"RAYMOND L SENTRY";"DANYA L CHEESEMAN";"0.6710784313725492";
"TIERRA COSGRAVE";"ISRAEL M SWAGOI";"0.6222222222222222";
"LENORA S SKANOS";"RONNY KABEZA";"0.65";
"NILSA D EASLEY";"FLORIPE D EASLEY";"0.733495670995671";
" A BURRISS";" T GOINS";"0.6333333333333333";
"MAG R BODMER";"AFRIN K GASBARRD";"0.6388888888888888";
" L MATKIN";" E KEARNS";"0.6370370370370371";
"IRAN R SENTRY";"ERIN K GASBARRO";"0.6329059829059829";
"ALE ERVINE";"JEFF J BELTRAN";"0.6190476190476191";
"SOUTA M BELTRAN";"ALAN J BRAND";"0.6833333333333332";
" M KEARNS";" J HELLER";"0.6296296296296297";
" W DORMAN";" A MALENDES";"0.6700336700336701";
"ARLIE A STAPPY";"ELLA STAPPY";"0.8077922077922078";
"TRUDY A REICHENBERG";"JOHONNY U RIBERA";"0.6039673046251993";
"SUSAN L KEICHENBERG";"DANYCE L FISCHGRUND";"0.6710526315789473";
"EYVETTE D HACHETT";"DONTE CHEESMAN";"0.6129785247432307";
"MELLISA J DORSLY";"MICHAEL ALSTON";"0.6240079365079364";
"DORIAN J HELER";"CATHERINE ROWAN";"0.6365079365079365";
" G DARCOURT";" J COLBY";"0.6212121212121212";
" L MATKIN";" A BANK";"0.6232804232804233";
"DOMINIC B MOHRINA";"EDWIN M CAGER";"0.6294620412267471";
"SANDERA Y JIMEMEZ";"RANDOLPH E TORRES";"0.6053921568627451";
" C SWAGOI";" C PEARL";"0.6481481481481481";
" A DIGGS";" M HUGGINCHES";"0.6138888888888889";
"STG MARTINEZ";" A DORSIE";"0.6574074074074074";
"RANDOLPH E TORRES";"STEPHINE RODRIGUES";"0.6315111903347197";
"CORNLIUS M HACKER";"JOHN F SCCHWARTZ";"0.6232298474945533";
"JANIE M RHOADS";"DELORES R BENITEZ";"0.6500155617802678";
" L OWENS";" L GOINS";"0.8333333333333334";
"LATESHA D CANNON";"LESKO";"0.6761904761904761";
" J ROTHSHILD";" S OWENS";"0.611111111111111";
"JEANNE RHOADS";"BIANCA A GEHRING";"0.6110347985347985";
"FRANKLIN E STAPPY";"JENIFFER T HOLLOWAY";"0.6510929730743972";
"ANDRE G MOSGUERA";"ANDREW POLLOCK";"0.6458333333333334";
"MARIEA A HALLORAW";"SCOTT C HULLOWAY";"0.6151960784313726";
"CORNLIUS M HACKER";"ZUNZELL M HACKER";"0.7908496732026143";
"TANYA O MOSQUERA";"EARNEST A ROWEN";"0.6305555555555555";
"JAYANN L ROTHCHILD";"LEANNE GASBARRO";"0.6175925925925926";
"DOMINIC A RUDASILL";"ROMINE O MOSQUERA";"0.6479302832244008";
"SHERMISE J KEARNEY";"KEISHA O MOSGUERA";"0.6012081600316894";
"ANNA N FAUST";"ANN0 D BRAWD";"0.6666666666666666";
" A DACANAY";" D GOWANS";"0.6185185185185186";
"ARISTIDES C HOPPER";"ISAAE ENGELSKIRCH";"0.6012081600316894";
"TRYONE M DAVID";"MARCOS M CRIBER";"0.6095238095238095";
"JANIE M RHOADS";"ALEJANDRO A IRVIN";"0.6341736694677871";
"GOILLERMO E CRIBER";"JONIE E HILLEGASS";"0.6479302832244008";
"GLORIANNE M BELL";"JORGE L KILLION";"0.655429292929293";
" E BURGESS";" C COSGRAVE";"0.6595959595959596";
"KEARNS";" S OWENS";"0.6428571428571429";
" T OWENS";" R COTTEN";"0.7268518518518517";
"ANA M TREZEVANT";"ANTONIO B KLEIMAN";"0.6263071895424837";
"JOHNNIE E HILLEGASS";"SIFRIDO J PAINE-WELLS";"0.639547586916008";
"DIANE GORODN";"TRYONE M DAVID";"0.6626984126984127";
"YUNAISY L BARRETT";"BERNADINA 1RUMOR";"0.6232298474945533";
"ANNE G SOLLIVAN";"ANDREW POLLOCK";"0.6555555555555556";
"ALISA Y HACHETT";"MICHEAL T HOLLEY";"0.6097222222222222";
"ASHELY E KEARNEY";"HARRIETTE L WILKES";"0.6134259259259259";
"GISUS A ELM";" A CHISOLM";"0.6033670033670034";
"AJASIA M DECANAY";"ALMA C MASLIN";"0.6980769230769232";
" A KEARNS";" R HEAVENER";"0.6262626262626262";
" M KEARNS";" P BANK";"0.6899470899470899";
"MILEORD J DIVERS";"CHARLIE A WILLIAMS";"0.6064814814814815";
"TRACIE D RUEHLING";"MARY DICKERSON";"0.6129785247432307";
"CHANTEL A STEWARD";"EARLE M CAGER";"0.6119909502262444";
"JOSH D RADRIGZ";"JO GASBARRO";"0.6168831168831169";
"DIANE HUBRIC";" D GUIDETI";"0.611111111111111";
"GERALDINE A RODREQUE";"TRUDY A REICHENBERG";"0.6049707602339182";
"JESSICA A CAMPBELL";"TEGIRA J HELLER";"0.6259259259259259";
" S RUDASILL";"WINDY E DAVIS";"0.6134421134421135";
"DERRICK E ROUNSVELLE";"TAMIKA R RICHARDSON";"0.6187400318979267";
" V WIESMAN";"KEARNS";"0.6055555555555555";
"BARRY J CARL";"HARRIET L WILKS";"0.6333333333333333";
"STEVEN D CARVAJAL";"ELAM A BELTAN";"0.6119909502262444";
"LYNNETTE C RUSSALL";"STEPHEN D CAVAJEL";"0.60239651416122";
"PAMELA T HASKINS";"CHARES SHAWQI";"0.6110347985347985";
"ANN D BRAND";"HOANG DAVID";"0.6969696969696969";
" D BURGESS";" E BURGESS";"0.9333333333333332";
"ELMER A BELTRAN";"THRESA A PENSETH";"0.6972222222222223";
"LEO E ALSTIN";"THE MITCHELL";"0.626984126984127";
" N DORMAN";"KEYAN D JEANS";"0.6538461538461539";
" W DORMAN";" E ERVINE";"0.6296296296296297";
"ROB J MANGUM";"JANIS M MOHRINA";"0.65";
"MICHEAL T HOLLEY";"DIMON T HOLLEY";"0.733495670995671";
"KATHY DORSER";"TANYA O MOSQUERA";"0.6388888888888888";
"ALMA C MASLIN";"ZUNZELL M HACKER";"0.6110347985347985";
"MICLELLE C DUCOTY";"MCCLAIN";"0.6011904761904762";
"CHANSE E YATES";"CORNLIUS M HACKER";"0.6372549019607843";
"ISRAEL M SWAGOI";"GUILLERMO E CRIDER";"0.6259259259259259";
" E KEARNS";" N DORMAN";"0.6370370370370371";
"MICHELLE M GREEN";"EARL M COGER";"0.6226851851851852";
"DANIELLE S LAKHTOSH";"DOROTHEA T HENRIKSON";"0.6327485380116958";
"GIANNI E HILLEGAS";"JAYANN L ROTHCHILD";"0.60239651416122";
"FRANKLIN E STAPPY";"DOROTHEA K LASSITER";"0.6048503611971104";
"JANIS M MOHRINA";"ALMA C MASLIN";"0.6529914529914529";
"THERESA A DRENMON";"CAROLYN L BODNER";"0.6044117647058824";
"BIANCA A GEHRING";"CHATERAH M GALIDEZ";"0.6449915824915825";
"SARAH N DAVIES";"ADRIAN L CARVAJAL";"0.6500155617802678";
"SANDRA C GREEN";"ROSETTA J CAGER";"0.6936507936507935";
"LEANNE GASBARRO";"LASSITER";"0.625";
" L MATKIN";"MATKIN";"0.8888888888888888";
"KENDALL BARRETT";"LEIVA DANIEL";"0.6351851851851852";
"LUIS A SQUILLANTE";"IRAN R SENTRY";"0.6024563671622495";
"JEANELLE ENGELSKIRCH";"DANYA L CHEESEMAN";"0.6111408199643494";
"ANGLA E MATEO";"DARYL A MORGAN";"0.6456043956043956";
"MARYANN FOSTER";"EARNEST A ROWEN";"0.6603174603174603";
"SOUTA M BELTRAN";"TAWYA O MOSGUERA";"0.6097222222222222";
"ANN0 D BRAWD";"ANNE A GREEN";"0.6746031746031745";
" G OWENS";" B BARNES";"0.6601851851851852";
"ELIZABETH L VARGAS";"HAILIE E HILLEGASS";"0.6666666666666666";
"RAYMOND G HILL";"TRACIE RUIHLING";"0.6079365079365079";
" A KEARNS";" T WHITAKER";"0.6026936026936026";
" C WHITAKER";" D BANK";"0.6450216450216449";
"DAVONE B SHANKS";"ZACHARY B HOERRLING";"0.6171539961013646";
"BIANCA A GEHRING";"MICHEAL A DECANAY";"0.6602668845315903";
"ANDRE JIMENEZ";"ANDREW POLLOCK";"0.63003663003663";
"CATHERINE ROWAN";"STEPHEN JOHNS";"0.6329059829059829";
"CHATERAH M GALIDEZ";"SAM J DANIEL-LEIVA";"0.6037037037037037";
"KEN E GALIDEZ";"DELORES R BENITEZ";"0.6119909502262444";
"TERRENCE L KUMOR";"KERRY D EASELY";"0.6071428571428571";
"WAYNE H VALDES";"KATHY L SANDERS";"0.6603174603174603";
" R DORMAN";" V WIESMAN";"0.6851851851851851";
"SARA L CARVAJAL";"DARYL A MORGAN";"0.6182539682539683";
"TIERRA COSGRAVE";"ALEXANDER R VARGAS";"0.62996632996633";
"PRINCETTA D MOSQUERA";"TAWANA S RODREQUE";"0.6983193277310923";
"ALE ERVINE";"CORRINE KUMOR";"0.6282051282051282";
"SAMIAR I HENRIKSON";"JONIE E HILLEGASS";"0.6012081600316894";
"DANYCE L FISCHGRUND";"WESLEY M FISCHARUND";"0.7293233082706766";
"TOMICA R RICHARDSONIII";"STEPHINE RODRIGUES";"0.6033670033670034";
"MICHEAL A DECANAY";"AJASIA M DECANAY";"0.7565045248868779";
" L COSGRAVE";"JAMEL C BODNER";"0.6168831168831169";
"DIANE M HULLEY";"ANNE G SOLLIVAN";"0.6555555555555556";
"ANNA M TREAEVANT";"AUNDERE V JIMENCZ";"0.6377450980392158";
"FLAINE A ELLIOTT";"HARRET GARRET";"0.6121794871794872";
"MADGE R BODNER";"HOANG DAVID";"0.6168831168831169";
"RODERICK C CARTIER";"DOROTHEA T HENRIKSON";"0.6444444444444444";
"ROSEMARY ALSTON";"TONYA M LAKATOS";"0.6444444444444444";
"GLURIA JOHNS";"MICHAEL ALSTON";"0.621031746031746";
"HERMAN M MOSGERA";"RENEE M DAVIES";"0.6240079365079364";
"RANDOLPH E TORRES";"RODRICK CARTER";"0.6129785247432307";
"WILSREVO HEAVAENER";"CHARLIE A WILLIAMS";"0.6037037037037037";
" E ERVINE";"KEVEIN MORGAN";"0.6768416768416768";
"EPHNY B FRY";"LASHIWN Y COBY";"0.6168831168831169";
"SAMMY R BENETAS";"KIMBERLY L RUDASILL";"0.6171539961013646";
"JANICE M MOHRING";"SHIRLEG MOSES";"0.6217948717948718";
" J LASSITER";"ALISA Y HACHETT";"0.6285353535353536";
"FRANCISCO D HOLMES";"ARCHIE HUSSEINKHEL";"0.6037037037037037";
"XANTHE N PAIGIE";" R HEAVENER";"0.6057720057720059";
"RODERICK C CARTIER";"MAIRE T GIERINGER";"0.6315111903347197";
"DOUGLAS D GIERINGER";"RUFUS D HOERNING";"0.6039673046251993";
"ERNEST R DRENMON";"JOSEPH E LETO";"0.6217948717948718";
" R HEAVENER";" M COBEZA";"0.6026936026936026";
" W DORMAN";" T OWENS";"0.6601851851851852";
"ELIZABETH L VARGAS";"STEVEN D CARVAJAL";"0.6618142206377501";
"BENEDICT W WILKS";"KENNETH E GALINDE";"0.6151960784313726";
"CRISTOPHER J ROWAN";"FRANCISCO D HOLMES";"0.6037037037037037";
"GLORIANE M VELL";"STG MARTINEZ";"0.6083333333333333";
"ALEXDER J WIZALKOWSKI";"COVNELIA M FLOWERS";"0.6349206349206349";
" L GREEN";" R GOINS";"0.6833333333333332";
"JEROME J MITCHELLL";"ASHELY E KEARNEY";"0.6064814814814815";
" V WIESMAN";"JOHN U RIVERA";"0.6282051282051282";
"JO GASBARRD";"ERIN K GASBARRO";"0.7535353535353536";
"ARISTIDES C HOPPER";"CHISTOPHER D HOERNING";"0.6522181522181523";
" L COSGRAVE";" J LASSITER";"0.6147186147186147";
"MICHEAL ALSTIN";"ALASIA M RUDAGILL";"0.6500155617802678";
"DORATHEA K LASITTER";"DANYA L CHEESEMAN";"0.6510929730743972";
"REYANN J ROGLIN";"KERRY D EASELY";"0.6182539682539683";
"STEPHEN D CAVAJEL";"THRESSA A PENSMITH";"0.6315111903347197";
"CARLO C HOOPER";"ROSE GORODN";"0.6024531024531025";
"ALMA C MASLIN";"MCCLAIN";"0.746031746031746";
"BARBRA L PAINE-WELLS";"BRIANCE G DECANAY";"0.6111408199643494";
" J LASSITER";" E ERVINE";"0.6026936026936026";
"JOAN F SCHWARTZ";"LUC M JONES";"0.6533910533910534";
"ANTONINO E CAMPBELL";"ERNEST R DRENMON";"0.6046539961013645";
"BANK";" C BARNES";"0.7083333333333334";
"ROSETTA J CAGER";"ROSE ALSTIN";"0.6533910533910534";
"ANDREA G MOSQUERA";"DANNY A WEBSTER";"0.6849673202614378";
"JOANNIE FLEEK";"JANICE HILLEGAS";"0.7162393162393162";
"ARCHIBALD HUSSEINKEL";"DERRICK E ROUNSVELLE";"0.6090909090909091";
"ELFRIEDA C ROWEN";"CORNLIUS M HACKER";"0.6266711229946523";
"EDDIE M COGER";"GERARDO F JOLMES";"0.6110347985347985";
"JEAN B CARTER";"JEFFREY BETRAN";"0.6672771672771672";
"BRYAN WRIGHT";"RUGY E RADRIGZ";"0.6468253968253969";
"JEFF J BELTRAN";"ANNE G SOLLIVAN";"0.6095238095238095";
"ROSETTE A GREEN";"WILEY A BELTRAN";"0.6055555555555555";
"AE A OLOWOKAKOKO";"MARQUIS E MALDONABO";"0.6046539961013645";
True Positive: 296
True Negative: 2174
False Positive: 341
False Negative: 31
Accuracy: 0.8691062631949331
Precision: 0.46467817896389324
Recall: 0.9051987767584098
F-measure: 0.6141078838174274
Overall time: 3.0758380000000063 ms
Average match time: 0.0010822793807178067 ms
Start evaluation on file src/main/resources/dataset/censusMatch.xml
Passed 2794 tests on 2842. Total time: 2660146.107904 millisec
"TYLER DUFFY";"GERALDINE L DUFFY-TYLER";"0.0";
"TYLER DUFFY";"NATASHA DUFFY-TYLER";"0.0";
"TYLER DUFFY";"ALLICIA DUFFY-TYLER";"0.0";
"TYLER L DUFFY";"LAWRENCE A DUFFY-TYLER";"0.0";
"TYLER DUFFY";"BEN M DUFFY-TYLER";"0.0";
"TYLER D DUFFY";"DAVID F DUFFY-TYLER";"0.0";
" J WASHINGTON";"JEFFREY P HOSHINGTON";"0.0";
"NILSA D EASLEY";"NILSAIVETTE D EASELY";"0.0";
"WELLS PAINE";"SIFRIDO J PAINE-WELLS";"0.0";
"WELLS PAINE";"ABEL PAINE-WELLS";"0.0";
"WELLS PAINE";"BARBRA L PAINE-WELLS";"0.0";
"WELLS PAINE";"IGANACIO J PAINE-WELLS";"0.0";
"WELLS PAINE";"WALDO J PAINE-WELLS";"0.0";
"FREDERICK A STEWARD";"FRED A STEWART";"0.0";
"LEIVA DANIEL";"THAU DANIEL-LEIVA";"0.0";
"LEIVA DANIEL";"SAM J DANIEL-LEIVA";"0.0";
"AJASIA M DECANAY";" A DACANAY";"0.0";
"STG MARTINEZ";"ERICA MARTINEZ";"0.0";
"ELLA STAPPY";"ELOUISE F STOPPY";"0.0";
"JOSEPH E LETO";" J CETO";"0.0";
"CATHERINE L SAUNDERS";"KATHY L SANDERS";"0.0";
"TOWANDA S RODRIGUEZ";"TAWANA S RODREQUE";"0.0";
"CAROLYN L BODNER";"CATHERINE L BODMER";"0.0";
"ELIZABETH L VARGAS";"ELIZBETH L VARGAS-HERNAN";"0.0";
"BRANDEN R VARGAS";"BRANDON R VARGAS-HERNAN";"0.0";
"ALEXANDER R VARGAS";"ALEXANDE R VARGAS-HERNAN";"0.0";
"SAMUEL R BENITEZ";"SAMMY R BENETAS";"0.0";
"MARY SWAGOI";"MARYCAROLE SHAWQI";"0.0";
"FLAINE A ELLIOTT";"ELAINE A ELLICATT-KEAN";"0.0";
"CHERYL ELLIOTT";"SHERYL ELLICATT-KEAN";"0.0";
"ALE ERVINE";"ALEJANDRO A IRVIN";"0.0";
"ROSEMARIE GORDON";"ROSE GORODN";"0.0";
"GEORGE L SANTIAGO";"GEORGE MATEO";"0.0";
"JESSEE T SANTIAGO";"JESSE MATEO";"0.0";
"RONNIE COBEZA";"RONNY KABEZA";"0.0";
" J ROTHSHILD";"JAYANN L ROTHCHILD";"0.0";
"PABLOS U GASBARRO";"LEANNE GASBARRO";"0.7631610219845514";
"HUTCHINSON";"HUTCHINSON";"1.0";
" E OWENS";" M GOWANS";"0.8055555555555555";
" D BURGERSS";" D BURGESS";"0.9696969696969697";
" M GOWANS";" L OWENS";"0.8055555555555555";
"ARLIE A STAPPY";"ELLA STAPPY";"0.8077922077922078";
" L OWENS";" L GOINS";"0.8333333333333334";
"CORNLIUS M HACKER";"ZUNZELL M HACKER";"0.7908496732026143";
" D BURGESS";" E BURGESS";"0.9333333333333332";
" L MATKIN";"MATKIN";"0.8888888888888888";
"MICHEAL A DECANAY";"AJASIA M DECANAY";"0.7565045248868779";
"JO GASBARRD";"ERIN K GASBARRO";"0.7535353535353536";
True Positive: 291
True Negative: 2503
False Positive: 12
False Negative: 36
Accuracy: 0.9831104855735397
Precision: 0.9603960396039604
Recall: 0.8899082568807339
F-measure: 0.9238095238095239
Overall time: 2.660127 ms
Average match time: 9.360052779732583E-4 ms
Start evaluation on file src/main/resources/dataset/censusMatch.xml
Passed 2773 tests on 2842. Total time: 3268428.166912 millisec
"TYLER DUFFY";"GERALDINE L DUFFY-TYLER";"0.0";
"TYLER DUFFY";"NATASHA DUFFY-TYLER";"0.0";
"TYLER DUFFY";"ALLICIA DUFFY-TYLER";"0.0";
"TYLER L DUFFY";"LAWRENCE A DUFFY-TYLER";"0.0";
"TYLER DUFFY";"BEN M DUFFY-TYLER";"0.0";
"TYLER D DUFFY";"DAVID F DUFFY-TYLER";"0.0";
"AMAURY P WASHINGTON";"MAURI P HOSHINGTON";"0.0";
"STEPHENS I WASHINGTON";"STEVEN I HOSHINGTON";"0.0";
" J WASHINGTON";"JEFFREY P HOSHINGTON";"0.0";
"NILSA D EASLEY";"NILSAIVETTE D EASELY";"0.0";
"JEAN A ARCHER";" J ARCHBR";"0.0";
"TERRAN L 1RUMOR";"TERRENCE L KUMOR";"0.0";
"WELLS PAINE";"SIFRIDO J PAINE-WELLS";"0.0";
"WELLS PAINE";"ABEL PAINE-WELLS";"0.0";
"WELLS PAINE";"BARBRA L PAINE-WELLS";"0.0";
"WELLS PAINE";"IGANACIO J PAINE-WELLS";"0.0";
"WELLS PAINE";"WALDO J PAINE-WELLS";"0.0";
"GIANNI E HILLEGAS";"JOHNNIE E HILLEGASS";"0.0";
"FREDERICK A STEWARD";"FRED A STEWART";"0.0";
"LEIVA DANIEL";"THAU DANIEL-LEIVA";"0.0";
"LEIVA DANIEL";"SAM J DANIEL-LEIVA";"0.0";
"STEPHENE HANKINS";"STEFAN HASKINS";"0.0";
" A DOWOKAKOKO";"AE A OLOWOKAKOKO";"0.0";
"AJASIA M DECANAY";" A DACANAY";"0.0";
"STG MARTINEZ";"ERICA MARTINEZ";"0.0";
"ELLA STAPPY";"ELOUISE F STOPPY";"0.0";
"JOSEPH E LETO";" J CETO";"0.0";
"CATHERINE L SAUNDERS";"KATHY L SANDERS";"0.0";
"CATHY ROWEN";"CATHERINE ROWAN";"0.0";
"THUYKIM VARGAS";"MUNOZ VARGAS";"0.0";
"ROSALIND N BODNER";"ROZELLIN N BODMER";"0.0";
"TOWANDA S RODRIGUEZ";"TAWANA S RODREQUE";"0.0";
"CAROLYN L BODNER";"CATHERINE L BODMER";"0.0";
"REYAN RAGLIN";"REYANN J ROGLIN";"0.0";
"ELIZABETH L VARGAS";"ELIZBETH L VARGAS-HERNAN";"0.0";
"BRANDEN R VARGAS";"BRANDON R VARGAS-HERNAN";"0.0";
"ALEXANDER R VARGAS";"ALEXANDE R VARGAS-HERNAN";"0.0";
"LEARONAD A BENITEZ";"LENARD A BENETAS";"0.0";
"SAMUEL R BENITEZ";"SAMMY R BENETAS";"0.0";
"ISRAEL M SWAGOI";"ISAREL SHAWQI";"0.0";
"MARY SWAGOI";"MARYCAROLE SHAWQI";"0.0";
"FLAINE A ELLIOTT";"ELAINE A ELLICATT-KEAN";"0.0";
"CHERYL ELLIOTT";"SHERYL ELLICATT-KEAN";"0.0";
"CLARA J AQUENDO";"CLAIRE J OQUENDO";"0.0";
"JUAN E ERVINE";"IVAN E IRVIN";"0.0";
"ALE ERVINE";"ALEJANDRO A IRVIN";"0.0";
"KEN E GALIDEZ";"KENNETH E GALINDE";"0.0";
"MICHELLE M GALIDEZ";"LACHELLE G GALINDE";"0.0";
"ZACHARY B HOERRLING";"ZACNARY HOERNING";"0.0";
"ROSEMARIE GORDON";"ROSE GORODN";"0.0";
"MICHAEL C GENE";"MICHEAL JEANS";"0.0";
"JACQUELINE M TREZEVANT";"JACKIE M TREAEVANT";"0.0";
"GERALDO S HOLMES";"GERARDO F JOLMES";"0.0";
"ANGELA E SANTIAGO";"ANGLA E MATEO";"0.0";
"GEORGE L SANTIAGO";"GEORGE MATEO";"0.0";
"PELHAM SANTIAGO";"DELHAM MATEO";"0.0";
"JESSEE T SANTIAGO";"JESSE MATEO";"0.0";
"KENNETH R COBEZA";"KEN R KABEZA";"0.0";
"RONNIE COBEZA";"RONNY KABEZA";"0.0";
"SHAWN E COBEZA";"SHAWNA KABEZA";"0.0";
" J ROTHSHILD";"JAYANN L ROTHCHILD";"0.0";
"HUTCHINSON";"HUTCHINSON";"1.0";
" E OWENS";" M GOWANS";"0.8055555555555555";
" D BURGERSS";" D BURGESS";"0.9696969696969697";
" M GOWANS";" L OWENS";"0.8055555555555555";
"ARLIE A STAPPY";"ELLA STAPPY";"0.8077922077922078";
" L OWENS";" L GOINS";"0.8333333333333334";
" D BURGESS";" E BURGESS";"0.9333333333333332";
" L MATKIN";"MATKIN";"0.8888888888888888";
True Positive: 266
True Negative: 2507
False Positive: 8
False Negative: 61
Accuracy: 0.9757213230119635
Precision: 0.9708029197080292
Recall: 0.8134556574923547
F-measure: 0.8851913477537439
Overall time: 3.2684100000000043 ms
Average match time: 0.0011500387051372287 ms
Start evaluation on file src/main/resources/dataset/censusMatch.xml
Passed 2780 tests on 2842. Total time: 2633529.885952 millisec
"TYLER DUFFY";"GERALDINE L DUFFY-TYLER";"0.0";
"TYLER DUFFY";"NATASHA DUFFY-TYLER";"0.0";
"TYLER DUFFY";"ALLICIA DUFFY-TYLER";"0.0";
"TYLER L DUFFY";"LAWRENCE A DUFFY-TYLER";"0.0";
"TYLER DUFFY";"BEN M DUFFY-TYLER";"0.0";
"TYLER D DUFFY";"DAVID F DUFFY-TYLER";"0.0";
" J WASHINGTON";"JEFFREY P HOSHINGTON";"0.0";
"NILSA D EASLEY";"NILSAIVETTE D EASELY";"0.0";
"WELLS PAINE";"SIFRIDO J PAINE-WELLS";"0.0";
"WELLS PAINE";"ABEL PAINE-WELLS";"0.0";
"WELLS PAINE";"BARBRA L PAINE-WELLS";"0.0";
"WELLS PAINE";"IGANACIO J PAINE-WELLS";"0.0";
"WELLS PAINE";"WALDO J PAINE-WELLS";"0.0";
"FREDERICK A STEWARD";"FRED A STEWART";"0.0";
"LEIVA DANIEL";"THAU DANIEL-LEIVA";"0.0";
"LEIVA DANIEL";"SAM J DANIEL-LEIVA";"0.0";
"AJASIA M DECANAY";" A DACANAY";"0.0";
"ELLA STAPPY";"ELOUISE F STOPPY";"0.0";
"JOSEPH E LETO";" J CETO";"0.0";
"CATHERINE L SAUNDERS";"KATHY L SANDERS";"0.0";
"ELIZABETH L VARGAS";"ELIZBETH L VARGAS-HERNAN";"0.0";
"BRANDEN R VARGAS";"BRANDON R VARGAS-HERNAN";"0.0";
"ALEXANDER R VARGAS";"ALEXANDE R VARGAS-HERNAN";"0.0";
"MARY SWAGOI";"MARYCAROLE SHAWQI";"0.0";
"FLAINE A ELLIOTT";"ELAINE A ELLICATT-KEAN";"0.0";
"CHERYL ELLIOTT";"SHERYL ELLICATT-KEAN";"0.0";
"ALE ERVINE";"ALEJANDRO A IRVIN";"0.0";
"ROSEMARIE GORDON";"ROSE GORODN";"0.0";
"GEORGE L SANTIAGO";"GEORGE MATEO";"0.0";
"JESSEE T SANTIAGO";"JESSE MATEO";"0.0";
" J ROTHSHILD";"JAYANN L ROTHCHILD";"0.0";
"ALMA C MASLIN";"MABLE MALDONADO";"0.727065527065527";
"LUC M JONES";" M GOWANS";"0.7373737373737373";
"DANYA L CHEESEMAN";"ANA M TREZEVANT";"0.7098039215686275";
" L BURGERSS";" L COSGRAVE";"0.7099567099567099";
"DOUGASS S DUCOTY";"SYKES";"0.7333333333333334";
"PABLOS U GASBARRO";"LEANNE GASBARRO";"0.7025549613784907";
"HUTCHINSON";"HUTCHINSON";"1.0";
" E OWENS";" M GOWANS";"0.8055555555555555";
" S OWENS";" T GOINS";"0.75";
"ALLICIA DUFFY-TYLER";"LAWRENCE A DUFFY-TYLER";"0.7314593301435407";
"JAMES C HAMMONDS";"JANNIE M RHODES";"0.7305555555555555";
"GIANNI E HILLEGAS";"CHARLIE A WILLIAMS";"0.7075163398692811";
" C COTTEN";"COATES";"0.7037037037037037";
"JANICE M MOHRING";"JUAN E ERVINE";"0.714565527065527";
" D BURGERSS";" D BURGESS";"0.9696969696969697";
" M GOWANS";" L OWENS";"0.8055555555555555";
" B BARNES";" E BURGESS";"0.7000000000000001";
"NILSA D EASLEY";"FLORIPE D EASLEY";"0.733495670995671";
"ARLIE A STAPPY";"ELLA STAPPY";"0.8077922077922078";
" L OWENS";" L GOINS";"0.8333333333333334";
"CORNLIUS M HACKER";"ZUNZELL M HACKER";"0.7908496732026143";
" T OWENS";" R COTTEN";"0.7268518518518517";
" D BURGESS";" E BURGESS";"0.9333333333333332";
"MICHEAL T HOLLEY";"DIMON T HOLLEY";"0.733495670995671";
" L MATKIN";"MATKIN";"0.8888888888888888";
"DANYCE L FISCHGRUND";"WESLEY M FISCHARUND";"0.7293233082706766";
"MICHEAL A DECANAY";"AJASIA M DECANAY";"0.7565045248868779";
"JO GASBARRD";"ERIN K GASBARRO";"0.7535353535353536";
"ALMA C MASLIN";"MCCLAIN";"0.746031746031746";
"BANK";" C BARNES";"0.7083333333333334";
"JOANNIE FLEEK";"JANICE HILLEGAS";"0.7162393162393162";
True Positive: 296
True Negative: 2484
False Positive: 31
False Negative: 31
Accuracy: 0.9781843771991555
Precision: 0.9051987767584098
Recall: 0.9051987767584098
F-measure: 0.9051987767584098
Overall time: 2.6335190000000095 ms
Average match time: 9.266428571428605E-4 ms
Start evaluation on file src/main/resources/dataset/censusMatch.xml
Passed 2788 tests on 2842. Total time: 3123684.652032 millisec
"TYLER DUFFY";"GERALDINE L DUFFY-TYLER";"0.0";
"TYLER DUFFY";"NATASHA DUFFY-TYLER";"0.0";
"TYLER DUFFY";"ALLICIA DUFFY-TYLER";"0.0";
"TYLER L DUFFY";"LAWRENCE A DUFFY-TYLER";"0.0";
"TYLER DUFFY";"BEN M DUFFY-TYLER";"0.0";
"TYLER D DUFFY";"DAVID F DUFFY-TYLER";"0.0";
" J WASHINGTON";"JEFFREY P HOSHINGTON";"0.0";
"NILSA D EASLEY";"NILSAIVETTE D EASELY";"0.0";
"WELLS PAINE";"SIFRIDO J PAINE-WELLS";"0.0";
"WELLS PAINE";"ABEL PAINE-WELLS";"0.0";
"WELLS PAINE";"BARBRA L PAINE-WELLS";"0.0";
"WELLS PAINE";"IGANACIO J PAINE-WELLS";"0.0";
"WELLS PAINE";"WALDO J PAINE-WELLS";"0.0";
"FREDERICK A STEWARD";"FRED A STEWART";"0.0";
"LEIVA DANIEL";"THAU DANIEL-LEIVA";"0.0";
"LEIVA DANIEL";"SAM J DANIEL-LEIVA";"0.0";
"AJASIA M DECANAY";" A DACANAY";"0.0";
"STG MARTINEZ";"ERICA MARTINEZ";"0.0";
"ELLA STAPPY";"ELOUISE F STOPPY";"0.0";
"JOSEPH E LETO";" J CETO";"0.0";
"CATHERINE L SAUNDERS";"KATHY L SANDERS";"0.0";
"CAROLYN L BODNER";"CATHERINE L BODMER";"0.0";
"ELIZABETH L VARGAS";"ELIZBETH L VARGAS-HERNAN";"0.0";
"BRANDEN R VARGAS";"BRANDON R VARGAS-HERNAN";"0.0";
"ALEXANDER R VARGAS";"ALEXANDE R VARGAS-HERNAN";"0.0";
"SAMUEL R BENITEZ";"SAMMY R BENETAS";"0.0";
"MARY SWAGOI";"MARYCAROLE SHAWQI";"0.0";
"FLAINE A ELLIOTT";"ELAINE A ELLICATT-KEAN";"0.0";
"CHERYL ELLIOTT";"SHERYL ELLICATT-KEAN";"0.0";
"ALE ERVINE";"ALEJANDRO A IRVIN";"0.0";
"ROSEMARIE GORDON";"ROSE GORODN";"0.0";
"GEORGE L SANTIAGO";"GEORGE MATEO";"0.0";
"JESSEE T SANTIAGO";"JESSE MATEO";"0.0";
" J ROTHSHILD";"JAYANN L ROTHCHILD";"0.0";
"LUC M JONES";" M GOWANS";"0.7373737373737373";
"DOUGASS S DUCOTY";"SYKES";"0.7333333333333334";
"PABLOS U GASBARRO";"LEANNE GASBARRO";"0.7631610219845514";
"HUTCHINSON";"HUTCHINSON";"1.0";
" E OWENS";" M GOWANS";"0.8055555555555555";
" S OWENS";" T GOINS";"0.75";
"ALLICIA DUFFY-TYLER";"LAWRENCE A DUFFY-TYLER";"0.7314593301435407";
"JAMES C HAMMONDS";"JANNIE M RHODES";"0.7305555555555555";
" D BURGERSS";" D BURGESS";"0.9696969696969697";
" M GOWANS";" L OWENS";"0.8055555555555555";
"NILSA D EASLEY";"FLORIPE D EASLEY";"0.733495670995671";
"ARLIE A STAPPY";"ELLA STAPPY";"0.8077922077922078";
" L OWENS";" L GOINS";"0.8333333333333334";
"CORNLIUS M HACKER";"ZUNZELL M HACKER";"0.7908496732026143";
" D BURGESS";" E BURGESS";"0.9333333333333332";
"MICHEAL T HOLLEY";"DIMON T HOLLEY";"0.733495670995671";
" L MATKIN";"MATKIN";"0.8888888888888888";
"MICHEAL A DECANAY";"AJASIA M DECANAY";"0.7565045248868779";
"JO GASBARRD";"ERIN K GASBARRO";"0.7535353535353536";
"ALMA C MASLIN";"MCCLAIN";"0.746031746031746";
True Positive: 293
True Negative: 2495
False Positive: 20
False Negative: 34
Accuracy: 0.9809992962702322
Precision: 0.9361022364217252
Recall: 0.8960244648318043
F-measure: 0.9156249999999999
Overall time: 3.123634000000001 ms
Average match time: 0.0010990971147079524 ms
Start evaluation on file src/main/resources/dataset/censusMatch.xml
Start evaluation on file src/main/resources/dataset/censusMatch.xml
Passed 2789 tests on 2842. Total time: 2805723.897088 millisec
"TYLER DUFFY";"GERALDINE L DUFFY-TYLER";"0.0";
"TYLER DUFFY";"NATASHA DUFFY-TYLER";"0.0";
"TYLER DUFFY";"ALLICIA DUFFY-TYLER";"0.0";
"TYLER L DUFFY";"LAWRENCE A DUFFY-TYLER";"0.0";
"TYLER DUFFY";"BEN M DUFFY-TYLER";"0.0";
"TYLER D DUFFY";"DAVID F DUFFY-TYLER";"0.0";
" J WASHINGTON";"JEFFREY P HOSHINGTON";"0.0";
"NILSA D EASLEY";"NILSAIVETTE D EASELY";"0.0";
"WELLS PAINE";"SIFRIDO J PAINE-WELLS";"0.0";
"WELLS PAINE";"ABEL PAINE-WELLS";"0.0";
"WELLS PAINE";"BARBRA L PAINE-WELLS";"0.0";
"WELLS PAINE";"IGANACIO J PAINE-WELLS";"0.0";
"WELLS PAINE";"WALDO J PAINE-WELLS";"0.0";
"FREDERICK A STEWARD";"FRED A STEWART";"0.0";
"LEIVA DANIEL";"THAU DANIEL-LEIVA";"0.0";
"LEIVA DANIEL";"SAM J DANIEL-LEIVA";"0.0";
"STEPHENE HANKINS";"STEFAN HASKINS";"0.0";
" A DOWOKAKOKO";"AE A OLOWOKAKOKO";"0.0";
"AJASIA M DECANAY";" A DACANAY";"0.0";
"STG MARTINEZ";"ERICA MARTINEZ";"0.0";
"ELLA STAPPY";"ELOUISE F STOPPY";"0.0";
"JOSEPH E LETO";" J CETO";"0.0";
"CATHERINE L SAUNDERS";"KATHY L SANDERS";"0.0";
"THUYKIM VARGAS";"MUNOZ VARGAS";"0.0";
"ROSALIND N BODNER";"ROZELLIN N BODMER";"0.0";
"TOWANDA S RODRIGUEZ";"TAWANA S RODREQUE";"0.0";
"CAROLYN L BODNER";"CATHERINE L BODMER";"0.0";
"ELIZABETH L VARGAS";"ELIZBETH L VARGAS-HERNAN";"0.0";
"BRANDEN R VARGAS";"BRANDON R VARGAS-HERNAN";"0.0";
"ALEXANDER R VARGAS";"ALEXANDE R VARGAS-HERNAN";"0.0";
"SAMUEL R BENITEZ";"SAMMY R BENETAS";"0.0";
"MARY SWAGOI";"MARYCAROLE SHAWQI";"0.0";
"FLAINE A ELLIOTT";"ELAINE A ELLICATT-KEAN";"0.0";
"CHERYL ELLIOTT";"SHERYL ELLICATT-KEAN";"0.0";
"ALE ERVINE";"ALEJANDRO A IRVIN";"0.0";
"KEN E GALIDEZ";"KENNETH E GALINDE";"0.0";
"MICHELLE M GALIDEZ";"LACHELLE G GALINDE";"0.0";
"ROSEMARIE GORDON";"ROSE GORODN";"0.0";
"ANGELA E SANTIAGO";"ANGLA E MATEO";"0.0";
"GEORGE L SANTIAGO";"GEORGE MATEO";"0.0";
"JESSEE T SANTIAGO";"JESSE MATEO";"0.0";
"KENNETH R COBEZA";"KEN R KABEZA";"0.0";
"RONNIE COBEZA";"RONNY KABEZA";"0.0";
" J ROTHSHILD";"JAYANN L ROTHCHILD";"0.0";
"HUTCHINSON";"HUTCHINSON";"1.0";
" E OWENS";" M GOWANS";"0.8055555555555555";
" D BURGERSS";" D BURGESS";"0.9696969696969697";
" M GOWANS";" L OWENS";"0.8055555555555555";
"ARLIE A STAPPY";"ELLA STAPPY";"0.8077922077922078";
" L OWENS";" L GOINS";"0.8333333333333334";
"CORNLIUS M HACKER";"ZUNZELL M HACKER";"0.7908496732026143";
" D BURGESS";" E BURGESS";"0.9333333333333332";
" L MATKIN";"MATKIN";"0.8888888888888888";
True Positive: 283
True Negative: 2506
False Positive: 9
False Negative: 44
Accuracy: 0.9813511611541168
Precision: 0.9691780821917808
Recall: 0.8654434250764526
F-measure: 0.9143780290791599
Overall time: 2.805710000000001 ms
Average match time: 9.872308233638285E-4 ms
Start evaluation on file src/main/resources/dataset/censusMatch.xml
Passed 2793 tests on 2842. Total time: 3202886.49088 millisec
"TYLER DUFFY";"GERALDINE L DUFFY-TYLER";"0.0";
"TYLER DUFFY";"NATASHA DUFFY-TYLER";"0.0";
"TYLER DUFFY";"ALLICIA DUFFY-TYLER";"0.0";
"TYLER L DUFFY";"LAWRENCE A DUFFY-TYLER";"0.0";
"TYLER DUFFY";"BEN M DUFFY-TYLER";"0.0";
"TYLER D DUFFY";"DAVID F DUFFY-TYLER";"0.0";
" J WASHINGTON";"JEFFREY P HOSHINGTON";"0.0";
"NILSA D EASLEY";"NILSAIVETTE D EASELY";"0.0";
"WELLS PAINE";"SIFRIDO J PAINE-WELLS";"0.0";
"WELLS PAINE";"ABEL PAINE-WELLS";"0.0";
"WELLS PAINE";"BARBRA L PAINE-WELLS";"0.0";
"WELLS PAINE";"IGANACIO J PAINE-WELLS";"0.0";
"WELLS PAINE";"WALDO J PAINE-WELLS";"0.0";
"FREDERICK A STEWARD";"FRED A STEWART";"0.0";
"LEIVA DANIEL";"THAU DANIEL-LEIVA";"0.0";
"LEIVA DANIEL";"SAM J DANIEL-LEIVA";"0.0";
" A DOWOKAKOKO";"AE A OLOWOKAKOKO";"0.0";
"AJASIA M DECANAY";" A DACANAY";"0.0";
"STG MARTINEZ";"ERICA MARTINEZ";"0.0";
"ELLA STAPPY";"ELOUISE F STOPPY";"0.0";
"JOSEPH E LETO";" J CETO";"0.0";
"CATHERINE L SAUNDERS";"KATHY L SANDERS";"0.0";
"TOWANDA S RODRIGUEZ";"TAWANA S RODREQUE";"0.0";
"CAROLYN L BODNER";"CATHERINE L BODMER";"0.0";
"ELIZABETH L VARGAS";"ELIZBETH L VARGAS-HERNAN";"0.0";
"BRANDEN R VARGAS";"BRANDON R VARGAS-HERNAN";"0.0";
"ALEXANDER R VARGAS";"ALEXANDE R VARGAS-HERNAN";"0.0";
"SAMUEL R BENITEZ";"SAMMY R BENETAS";"0.0";
"MARY SWAGOI";"MARYCAROLE SHAWQI";"0.0";
"FLAINE A ELLIOTT";"ELAINE A ELLICATT-KEAN";"0.0";
"CHERYL ELLIOTT";"SHERYL ELLICATT-KEAN";"0.0";
"ALE ERVINE";"ALEJANDRO A IRVIN";"0.0";
"MICHELLE M GALIDEZ";"LACHELLE G GALINDE";"0.0";
"ROSEMARIE GORDON";"ROSE GORODN";"0.0";
"GEORGE L SANTIAGO";"GEORGE MATEO";"0.0";
"JESSEE T SANTIAGO";"JESSE MATEO";"0.0";
"KENNETH R COBEZA";"KEN R KABEZA";"0.0";
"RONNIE COBEZA";"RONNY KABEZA";"0.0";
" J ROTHSHILD";"JAYANN L ROTHCHILD";"0.0";
"PABLOS U GASBARRO";"LEANNE GASBARRO";"0.7631610219845514";
"HUTCHINSON";"HUTCHINSON";"1.0";
" E OWENS";" M GOWANS";"0.8055555555555555";
" D BURGERSS";" D BURGESS";"0.9696969696969697";
" M GOWANS";" L OWENS";"0.8055555555555555";
"ARLIE A STAPPY";"ELLA STAPPY";"0.8077922077922078";
" L OWENS";" L GOINS";"0.8333333333333334";
"CORNLIUS M HACKER";"ZUNZELL M HACKER";"0.7908496732026143";
" D BURGESS";" E BURGESS";"0.9333333333333332";
" L MATKIN";"MATKIN";"0.8888888888888888";
True Positive: 288
True Negative: 2505
False Positive: 10
False Negative: 39
Accuracy: 0.9827586206896551
Precision: 0.9664429530201343
Recall: 0.8807339449541285
F-measure: 0.9216000000000001
Overall time: 3.2028719999999935 ms
Average match time: 0.001126978184377197 ms
Start evaluation on file src/main/resources/dataset/censusMatch.xml
Passed 2793 tests on 2842. Total time: 2834507.56096 millisec
"TYLER DUFFY";"GERALDINE L DUFFY-TYLER";"0.0";
"TYLER DUFFY";"NATASHA DUFFY-TYLER";"0.0";
"TYLER DUFFY";"ALLICIA DUFFY-TYLER";"0.0";
"TYLER L DUFFY";"LAWRENCE A DUFFY-TYLER";"0.0";
"TYLER DUFFY";"BEN M DUFFY-TYLER";"0.0";
"TYLER D DUFFY";"DAVID F DUFFY-TYLER";"0.0";
" J WASHINGTON";"JEFFREY P HOSHINGTON";"0.0";
"NILSA D EASLEY";"NILSAIVETTE D EASELY";"0.0";
"WELLS PAINE";"SIFRIDO J PAINE-WELLS";"0.0";
"WELLS PAINE";"ABEL PAINE-WELLS";"0.0";
"WELLS PAINE";"BARBRA L PAINE-WELLS";"0.0";
"WELLS PAINE";"IGANACIO J PAINE-WELLS";"0.0";
"WELLS PAINE";"WALDO J PAINE-WELLS";"0.0";
"FREDERICK A STEWARD";"FRED A STEWART";"0.0";
"LEIVA DANIEL";"THAU DANIEL-LEIVA";"0.0";
"LEIVA DANIEL";"SAM J DANIEL-LEIVA";"0.0";
"AJASIA M DECANAY";" A DACANAY";"0.0";
"STG MARTINEZ";"ERICA MARTINEZ";"0.0";
"ELLA STAPPY";"ELOUISE F STOPPY";"0.0";
"JOSEPH E LETO";" J CETO";"0.0";
"CATHERINE L SAUNDERS";"KATHY L SANDERS";"0.0";
"TOWANDA S RODRIGUEZ";"TAWANA S RODREQUE";"0.0";
"CAROLYN L BODNER";"CATHERINE L BODMER";"0.0";
"ELIZABETH L VARGAS";"ELIZBETH L VARGAS-HERNAN";"0.0";
"BRANDEN R VARGAS";"BRANDON R VARGAS-HERNAN";"0.0";
"ALEXANDER R VARGAS";"ALEXANDE R VARGAS-HERNAN";"0.0";
"SAMUEL R BENITEZ";"SAMMY R BENETAS";"0.0";
"MARY SWAGOI";"MARYCAROLE SHAWQI";"0.0";
"FLAINE A ELLIOTT";"ELAINE A ELLICATT-KEAN";"0.0";
"CHERYL ELLIOTT";"SHERYL ELLICATT-KEAN";"0.0";
"ALE ERVINE";"ALEJANDRO A IRVIN";"0.0";
"ROSEMARIE GORDON";"ROSE GORODN";"0.0";
"GEORGE L SANTIAGO";"GEORGE MATEO";"0.0";
"JESSEE T SANTIAGO";"JESSE MATEO";"0.0";
" J ROTHSHILD";"JAYANN L ROTHCHILD";"0.0";
"PABLOS U GASBARRO";"LEANNE GASBARRO";"0.7631610219845514";
"HUTCHINSON";"HUTCHINSON";"1.0";
" E OWENS";" M GOWANS";"0.8055555555555555";
" S OWENS";" T GOINS";"0.75";
" D BURGERSS";" D BURGESS";"0.9696969696969697";
" M GOWANS";" L OWENS";"0.8055555555555555";
"ARLIE A STAPPY";"ELLA STAPPY";"0.8077922077922078";
" L OWENS";" L GOINS";"0.8333333333333334";
"CORNLIUS M HACKER";"ZUNZELL M HACKER";"0.7908496732026143";
" D BURGESS";" E BURGESS";"0.9333333333333332";
" L MATKIN";"MATKIN";"0.8888888888888888";
"MICHEAL A DECANAY";"AJASIA M DECANAY";"0.7565045248868779";
"JO GASBARRD";"ERIN K GASBARRO";"0.7535353535353536";
"ALMA C MASLIN";"MCCLAIN";"0.746031746031746";
True Positive: 292
True Negative: 2501
False Positive: 14
False Negative: 35
Accuracy: 0.9827586206896551
Precision: 0.954248366013072
Recall: 0.8929663608562691
F-measure: 0.9225908372827805
Overall time: 2.834495000000003 ms
Average match time: 9.973592540464473E-4 ms
Start evaluation on file src/main/resources/dataset/censusMatch.xml
Start evaluation on file src/main/resources/dataset/datasetMatch.xml
Passed 1371 tests on 1402. Total time: 366141.863936 millisec
"John Paul II";"Karl Wojtyla";"0.0";
"John Paul II";"Karpl Wojtyla";"0.0";
"Giovanni Paolo II";"Karl Wojtyla";"0.0";
"Giovanni Paolo II";"Karpl Wojtyla";"0.0";
"Papa Giovanni Paolo II";"Karl Wojtyla";"0.0";
"Papa Giovanni Paolo II";"Karpl Wojtyla";"0.0";
"Pope John Paul II";"Karl Wojtyla";"0.0";
"Pope John Paul II";"Karpl Wojtyla";"0.0";
"Beato Giovanni Paolo II";"Karl Wojtyla";"0.0";
"Beato Giovanni Paolo II";"Karpl Wojtyla";"0.0";
"Blessed John Paul II";"Karl Wojtyla";"0.0";
"Blessed John Paul II";"Karpl Wojtyla";"0.0";
"Karol J??????zef Wojty??????a";"Karl Wojtyla";"0.0";
"Karol J??????zef Wojty??????a";"Karpl Wojtyla";"0.0";
"Beato Giovanni Paolo II";"Karl Wojtyla";"0.0";
"Beato Giovanni Paolo II";"Karpl Wojtyla";"0.0";
"Papa Giovanni Paolo II";"Karl Wojtyla";"0.0";
"Papa Giovanni Paolo II";"Karpl Wojtyla";"0.0";
"Pope John Paul II";"Karl Wojtyla";"0.0";
"Pope John Paul II";"Karpl Wojtyla";"0.0";
"Blessed Pope John Paul II";"Karl Wojtyla";"0.0";
"Blessed Pope John Paul II";"Karpl Wojtyla";"0.0";
"Jos?????? Chilavert";"Jos?????? F??????li";"0.0";
"Jos?????? Chilavert";"Jos?????? Gonz??????lwz";"0.0";
"Jos?????? Felix Chilavert Gonzalez";"Jos?????? F??????li";"0.0";
"Jos?????? Felix Chilavert Gonzalez";"Jos?????? Gonz??????lwz";"0.0";
"Alberto Asor Rosa";"Albert Rosa";"0.0";
"Alberto Asor Rosa";"Alberto ROsd";"0.0";
"Alberto Asor Rosa";"Albreto Rosa";"0.0";
"Henry VIII of England";"Chicco";"1.0";
"Saint Anthony of Padua";"Sant?????????Enric";"0.8611111111111112";
True Positive: 1335
True Negative: 36
False Positive: 2
False Negative: 29
Accuracy: 0.9778887303851641
Precision: 0.9985041136873598
Recall: 0.9787390029325513
F-measure: 0.9885227693446872
Overall time: 0.36610200000000104 ms
Average match time: 2.6112838801711915E-4 ms
Start evaluation on file src/main/resources/dataset/datasetMatch.xml
Passed 1371 tests on 1402. Total time: 322914.273024 millisec
"John Paul II";"Karl Wojtyla";"0.0";
"John Paul II";"Karpl Wojtyla";"0.0";
"Giovanni Paolo II";"Karl Wojtyla";"0.0";
"Giovanni Paolo II";"Karpl Wojtyla";"0.0";
"Papa Giovanni Paolo II";"Karl Wojtyla";"0.0";
"Papa Giovanni Paolo II";"Karpl Wojtyla";"0.0";
"Pope John Paul II";"Karl Wojtyla";"0.0";
"Pope John Paul II";"Karpl Wojtyla";"0.0";
"Beato Giovanni Paolo II";"Karl Wojtyla";"0.0";
"Beato Giovanni Paolo II";"Karpl Wojtyla";"0.0";
"Blessed John Paul II";"Karl Wojtyla";"0.0";
"Blessed John Paul II";"Karpl Wojtyla";"0.0";
"Karol J??????zef Wojty??????a";"Karl Wojtyla";"0.0";
"Karol J??????zef Wojty??????a";"Karpl Wojtyla";"0.0";
"Beato Giovanni Paolo II";"Karl Wojtyla";"0.0";
"Beato Giovanni Paolo II";"Karpl Wojtyla";"0.0";
"Papa Giovanni Paolo II";"Karl Wojtyla";"0.0";
"Papa Giovanni Paolo II";"Karpl Wojtyla";"0.0";
"Pope John Paul II";"Karl Wojtyla";"0.0";
"Pope John Paul II";"Karpl Wojtyla";"0.0";
"Blessed Pope John Paul II";"Karl Wojtyla";"0.0";
"Blessed Pope John Paul II";"Karpl Wojtyla";"0.0";
"Jos?????? Chilavert";"Jos?????? F??????li";"0.0";
"Jos?????? Chilavert";"Jos?????? Gonz??????lwz";"0.0";
"Jos?????? Felix Chilavert Gonzalez";"Jos?????? F??????li";"0.0";
"Jos?????? Felix Chilavert Gonzalez";"Jos?????? Gonz??????lwz";"0.0";
"Alberto Asor Rosa";"Albert Rosa";"0.0";
"Alberto Asor Rosa";"Alberto ROsd";"0.0";
"Alberto Asor Rosa";"Albreto Rosa";"0.0";
"Henry VIII of England";"Chicco";"1.0";
"Saint Anthony of Padua";"Sant?????????Enric";"0.8611111111111112";
True Positive: 1335
True Negative: 36
False Positive: 2
False Negative: 29
Accuracy: 0.9778887303851641
Precision: 0.9985041136873598
Recall: 0.9787390029325513
F-measure: 0.9885227693446872
Overall time: 0.3228539999999989 ms
Average match time: 2.3028102710413617E-4 ms
Start evaluation on file src/main/resources/dataset/datasetMatch.xml
Passed 1371 tests on 1402. Total time: 412695.364864 millisec
"John Paul II";"Karl Wojtyla";"0.0";
"John Paul II";"Karpl Wojtyla";"0.0";
"Giovanni Paolo II";"Karl Wojtyla";"0.0";
"Giovanni Paolo II";"Karpl Wojtyla";"0.0";
"Papa Giovanni Paolo II";"Karl Wojtyla";"0.0";
"Papa Giovanni Paolo II";"Karpl Wojtyla";"0.0";
"Pope John Paul II";"Karl Wojtyla";"0.0";
"Pope John Paul II";"Karpl Wojtyla";"0.0";
"Beato Giovanni Paolo II";"Karl Wojtyla";"0.0";
"Beato Giovanni Paolo II";"Karpl Wojtyla";"0.0";
"Blessed John Paul II";"Karl Wojtyla";"0.0";
"Blessed John Paul II";"Karpl Wojtyla";"0.0";
"Karol J??????zef Wojty??????a";"Karl Wojtyla";"0.0";
"Karol J??????zef Wojty??????a";"Karpl Wojtyla";"0.0";
"Beato Giovanni Paolo II";"Karl Wojtyla";"0.0";
"Beato Giovanni Paolo II";"Karpl Wojtyla";"0.0";
"Papa Giovanni Paolo II";"Karl Wojtyla";"0.0";
"Papa Giovanni Paolo II";"Karpl Wojtyla";"0.0";
"Pope John Paul II";"Karl Wojtyla";"0.0";
"Pope John Paul II";"Karpl Wojtyla";"0.0";
"Blessed Pope John Paul II";"Karl Wojtyla";"0.0";
"Blessed Pope John Paul II";"Karpl Wojtyla";"0.0";
"Jos?????? Chilavert";"Jos?????? F??????li";"0.0";
"Jos?????? Chilavert";"Jos?????? Gonz??????lwz";"0.0";
"Jos?????? Felix Chilavert Gonzalez";"Jos?????? F??????li";"0.0";
"Jos?????? Felix Chilavert Gonzalez";"Jos?????? Gonz??????lwz";"0.0";
"Alberto Asor Rosa";"Albert Rosa";"0.0";
"Alberto Asor Rosa";"Alberto ROsd";"0.0";
"Alberto Asor Rosa";"Albreto Rosa";"0.0";
"Henry VIII of England";"Chicco";"1.0";
"Saint Anthony of Padua";"Sant?????????Enric";"0.8611111111111112";
True Positive: 1335
True Negative: 36
False Positive: 2
False Negative: 29
Accuracy: 0.9778887303851641
Precision: 0.9985041136873598
Recall: 0.9787390029325513
F-measure: 0.9885227693446872
Overall time: 0.41268300000000135 ms
Average match time: 2.9435306704707657E-4 ms
Start evaluation on file src/main/resources/dataset/datasetMatch.xml
Passed 1371 tests on 1402. Total time: 285181.946112 millisec
"John Paul II";"Karl Wojtyla";"0.0";
"John Paul II";"Karpl Wojtyla";"0.0";
"Giovanni Paolo II";"Karl Wojtyla";"0.0";
"Giovanni Paolo II";"Karpl Wojtyla";"0.0";
"Papa Giovanni Paolo II";"Karl Wojtyla";"0.0";
"Papa Giovanni Paolo II";"Karpl Wojtyla";"0.0";
"Pope John Paul II";"Karl Wojtyla";"0.0";
"Pope John Paul II";"Karpl Wojtyla";"0.0";
"Beato Giovanni Paolo II";"Karl Wojtyla";"0.0";
"Beato Giovanni Paolo II";"Karpl Wojtyla";"0.0";
"Blessed John Paul II";"Karl Wojtyla";"0.0";
"Blessed John Paul II";"Karpl Wojtyla";"0.0";
"Karol J??????zef Wojty??????a";"Karl Wojtyla";"0.0";
"Karol J??????zef Wojty??????a";"Karpl Wojtyla";"0.0";
"Beato Giovanni Paolo II";"Karl Wojtyla";"0.0";
"Beato Giovanni Paolo II";"Karpl Wojtyla";"0.0";
"Papa Giovanni Paolo II";"Karl Wojtyla";"0.0";
"Papa Giovanni Paolo II";"Karpl Wojtyla";"0.0";
"Pope John Paul II";"Karl Wojtyla";"0.0";
"Pope John Paul II";"Karpl Wojtyla";"0.0";
"Blessed Pope John Paul II";"Karl Wojtyla";"0.0";
"Blessed Pope John Paul II";"Karpl Wojtyla";"0.0";
"Jos?????? Chilavert";"Jos?????? F??????li";"0.0";
"Jos?????? Chilavert";"Jos?????? Gonz??????lwz";"0.0";
"Jos?????? Felix Chilavert Gonzalez";"Jos?????? F??????li";"0.0";
"Jos?????? Felix Chilavert Gonzalez";"Jos?????? Gonz??????lwz";"0.0";
"Alberto Asor Rosa";"Albert Rosa";"0.0";
"Alberto Asor Rosa";"Alberto ROsd";"0.0";
"Alberto Asor Rosa";"Albreto Rosa";"0.0";
"Henry VIII of England";"Chicco";"1.0";
"Saint Anthony of Padua";"Sant?????????Enric";"0.8611111111111112";
True Positive: 1335
True Negative: 36
False Positive: 2
False Negative: 29
Accuracy: 0.9778887303851641
Precision: 0.9985041136873598
Recall: 0.9787390029325513
F-measure: 0.9885227693446872
Overall time: 0.2851770000000001 ms
Average match time: 2.0340727532097014E-4 ms
Start evaluation on file src/main/resources/dataset/datasetMatch.xml
Passed 1373 tests on 1402. Total time: 281054.32704 millisec
"John Paul II";"Karl Wojtyla";"0.0";
"John Paul II";"Karpl Wojtyla";"0.0";
"Giovanni Paolo II";"Karl Wojtyla";"0.0";
"Giovanni Paolo II";"Karpl Wojtyla";"0.0";
"Papa Giovanni Paolo II";"Karl Wojtyla";"0.0";
"Papa Giovanni Paolo II";"Karpl Wojtyla";"0.0";
"Pope John Paul II";"Karl Wojtyla";"0.0";
"Pope John Paul II";"Karpl Wojtyla";"0.0";
"Beato Giovanni Paolo II";"Karl Wojtyla";"0.0";
"Beato Giovanni Paolo II";"Karpl Wojtyla";"0.0";
"Blessed John Paul II";"Karl Wojtyla";"0.0";
"Blessed John Paul II";"Karpl Wojtyla";"0.0";
"Karol J??????zef Wojty??????a";"Karl Wojtyla";"0.0";
"Karol J??????zef Wojty??????a";"Karpl Wojtyla";"0.0";
"Beato Giovanni Paolo II";"Karl Wojtyla";"0.0";
"Beato Giovanni Paolo II";"Karpl Wojtyla";"0.0";
"Papa Giovanni Paolo II";"Karl Wojtyla";"0.0";
"Papa Giovanni Paolo II";"Karpl Wojtyla";"0.0";
"Pope John Paul II";"Karl Wojtyla";"0.0";
"Pope John Paul II";"Karpl Wojtyla";"0.0";
"Blessed Pope John Paul II";"Karl Wojtyla";"0.0";
"Blessed Pope John Paul II";"Karpl Wojtyla";"0.0";
"Jos?????? Chilavert";"Jos?????? Gonz??????lwz";"0.0";
"Jos?????? Felix Chilavert Gonzalez";"Jos?????? Gonz??????lwz";"0.0";
"Alberto Asor Rosa";"Albert Rosa";"0.0";
"Alberto Asor Rosa";"Alberto ROsd";"0.0";
"Alberto Asor Rosa";"Albreto Rosa";"0.0";
"Henry VIII of England";"Chicco";"1.0";
"Saint Anthony of Padua";"Sant?????????Enric";"0.8611111111111112";
True Positive: 1337
True Negative: 36
False Positive: 2
False Negative: 27
Accuracy: 0.9793152639087018
Precision: 0.9985063480209111
Recall: 0.9802052785923754
F-measure: 0.9892711801701812
Overall time: 0.28104799999999897 ms
Average match time: 2.0046219686162552E-4 ms
Start evaluation on file src/main/resources/dataset/datasetMatch.xml
Passed 1353 tests on 1402. Total time: 375929.513984 millisec
"John Paul II";"Karl Wojtyla";"0.0";
"John Paul II";"Karpl Wojtyla";"0.0";
"Giovanni Paolo II";"Karl Wojtyla";"0.0";
"Giovanni Paolo II";"Karpl Wojtyla";"0.0";
"Papa Giovanni Paolo II";"Karl Wojtyla";"0.0";
"Papa Giovanni Paolo II";"Karpl Wojtyla";"0.0";
"Pope John Paul II";"Karl Wojtyla";"0.0";
"Pope John Paul II";"Karpl Wojtyla";"0.0";
"Beato Giovanni Paolo II";"Karl Wojtyla";"0.0";
"Beato Giovanni Paolo II";"Karpl Wojtyla";"0.0";
"Blessed John Paul II";"Karl Wojtyla";"0.0";
"Blessed John Paul II";"Karpl Wojtyla";"0.0";
"Karol J??????zef Wojty??????a";"Karl Wojtyla";"0.0";
"Karol J??????zef Wojty??????a";"Karpl Wojtyla";"0.0";
"Beato Giovanni Paolo II";"Karl Wojtyla";"0.0";
"Beato Giovanni Paolo II";"Karpl Wojtyla";"0.0";
"Papa Giovanni Paolo II";"Karl Wojtyla";"0.0";
"Papa Giovanni Paolo II";"Karpl Wojtyla";"0.0";
"Pope John Paul II";"Karl Wojtyla";"0.0";
"Pope John Paul II";"Karpl Wojtyla";"0.0";
"Blessed Pope John Paul II";"Karl Wojtyla";"0.0";
"Blessed Pope John Paul II";"Karpl Wojtyla";"0.0";
"Saint Henry";"Sant Enroco";"0.0";
"Sant?????????Enrico";"Sant Enroco";"0.0";
"S. Enrico";"Sant Enroco";"0.0";
"St Henry";"Sant Enroco";"0.0";
"Re Enrico";"Sant Enroco";"0.0";
"King Henry";"Sant Enroco";"0.0";
"Henry II";"Sant Enroco";"0.0";
"King Henry II";"Sant Enroco";"0.0";
"St Henry";"Sant Enroco";"0.0";
"Re Enrico II";"Sant Enroco";"0.0";
"Enrico II";"Sant Enroco";"0.0";
"Julius Caesar";"Cessre";"0.0";
"Giulio Cesare";"Cessre";"0.0";
"Gaius Julius Caesar";"Cessre";"0.0";
"Gaio Giulio Cesare";"Cessre";"0.0";
"Jos?????? Chilavert";"Jos??????  Luis";"0.0";
"Jos?????? Chilavert";"Jos?????? F??????li";"0.0";
"Jos?????? Chilavert";"Jos?????? Gonz??????lwz";"0.0";
"Jos?????? Felix Chilavert Gonzalez";"Jos??????  Luis";"0.0";
"Jos?????? Felix Chilavert Gonzalez";"Jos?????? F??????li";"0.0";
"Jos?????? Felix Chilavert Gonzalez";"Jos?????? Gonz??????lwz";"0.0";
"Alberto Asor Rosa";"Asor  Rosa";"0.0";
"Alberto Asor Rosa";"Albert Rosa";"0.0";
"Alberto Asor Rosa";"Alberto ROsd";"0.0";
"Alberto Asor Rosa";"Albreto Rosa";"0.0";
"Henry VIII of England";"Chicco";"1.0";
"Saint Anthony of Padua";"Sant?????????Enric";"0.8611111111111112";
True Positive: 1317
True Negative: 36
False Positive: 2
False Negative: 47
Accuracy: 0.9650499286733238
Precision: 0.9984836997725549
Recall: 0.9655425219941349
F-measure: 0.9817368617219531
Overall time: 0.37592699999999957 ms
Average match time: 2.6813623395149753E-4 ms
Start evaluation on file src/main/resources/dataset/datasetMatch.xml
Passed 1371 tests on 1402. Total time: 281345.30304 millisec
"John Paul II";"Karl Wojtyla";"0.0";
"John Paul II";"Karpl Wojtyla";"0.0";
"Giovanni Paolo II";"Karl Wojtyla";"0.0";
"Giovanni Paolo II";"Karpl Wojtyla";"0.0";
"Papa Giovanni Paolo II";"Karl Wojtyla";"0.0";
"Papa Giovanni Paolo II";"Karpl Wojtyla";"0.0";
"Pope John Paul II";"Karl Wojtyla";"0.0";
"Pope John Paul II";"Karpl Wojtyla";"0.0";
"Beato Giovanni Paolo II";"Karl Wojtyla";"0.0";
"Beato Giovanni Paolo II";"Karpl Wojtyla";"0.0";
"Blessed John Paul II";"Karl Wojtyla";"0.0";
"Blessed John Paul II";"Karpl Wojtyla";"0.0";
"Karol J??????zef Wojty??????a";"Karl Wojtyla";"0.0";
"Karol J??????zef Wojty??????a";"Karpl Wojtyla";"0.0";
"Beato Giovanni Paolo II";"Karl Wojtyla";"0.0";
"Beato Giovanni Paolo II";"Karpl Wojtyla";"0.0";
"Papa Giovanni Paolo II";"Karl Wojtyla";"0.0";
"Papa Giovanni Paolo II";"Karpl Wojtyla";"0.0";
"Pope John Paul II";"Karl Wojtyla";"0.0";
"Pope John Paul II";"Karpl Wojtyla";"0.0";
"Blessed Pope John Paul II";"Karl Wojtyla";"0.0";
"Blessed Pope John Paul II";"Karpl Wojtyla";"0.0";
"Jos?????? Chilavert";"Jos?????? F??????li";"0.0";
"Jos?????? Chilavert";"Jos?????? Gonz??????lwz";"0.0";
"Jos?????? Felix Chilavert Gonzalez";"Jos?????? F??????li";"0.0";
"Jos?????? Felix Chilavert Gonzalez";"Jos?????? Gonz??????lwz";"0.0";
"Alberto Asor Rosa";"Albert Rosa";"0.0";
"Alberto Asor Rosa";"Alberto ROsd";"0.0";
"Alberto Asor Rosa";"Albreto Rosa";"0.0";
"Henry VIII of England";"Chicco";"1.0";
"Saint Anthony of Padua";"Sant?????????Enric";"0.8611111111111112";
True Positive: 1335
True Negative: 36
False Positive: 2
False Negative: 29
Accuracy: 0.9778887303851641
Precision: 0.9985041136873598
Recall: 0.9787390029325513
F-measure: 0.9885227693446872
Overall time: 0.2813389999999983 ms
Average match time: 2.0066975748929977E-4 ms
Start evaluation on file src/main/resources/dataset/datasetMatch.xml
Passed 1374 tests on 1402. Total time: 232279.988992 millisec
"John Paul II";"Karl Wojtyla";"0.0";
"John Paul II";"Karpl Wojtyla";"0.0";
"Giovanni Paolo II";"Karl Wojtyla";"0.0";
"Giovanni Paolo II";"Karpl Wojtyla";"0.0";
"Papa Giovanni Paolo II";"Karl Wojtyla";"0.0";
"Papa Giovanni Paolo II";"Karpl Wojtyla";"0.0";
"Pope John Paul II";"Karl Wojtyla";"0.0";
"Pope John Paul II";"Karpl Wojtyla";"0.0";
"Beato Giovanni Paolo II";"Karl Wojtyla";"0.0";
"Beato Giovanni Paolo II";"Karpl Wojtyla";"0.0";
"Blessed John Paul II";"Karl Wojtyla";"0.0";
"Blessed John Paul II";"Karpl Wojtyla";"0.0";
"Karol J??????zef Wojty??????a";"Karl Wojtyla";"0.0";
"Karol J??????zef Wojty??????a";"Karpl Wojtyla";"0.0";
"Beato Giovanni Paolo II";"Karl Wojtyla";"0.0";
"Beato Giovanni Paolo II";"Karpl Wojtyla";"0.0";
"Papa Giovanni Paolo II";"Karl Wojtyla";"0.0";
"Papa Giovanni Paolo II";"Karpl Wojtyla";"0.0";
"Pope John Paul II";"Karl Wojtyla";"0.0";
"Pope John Paul II";"Karpl Wojtyla";"0.0";
"Blessed Pope John Paul II";"Karl Wojtyla";"0.0";
"Blessed Pope John Paul II";"Karpl Wojtyla";"0.0";
"Alberto Asor Rosa";"Alberto ROsd";"0.0";
"Alberto Asor Rosa";"Albreto Rosa";"0.0";
"Henry VIII of England";"Chicco";"1.0";
"Slash";"King Henry II";"0.6666666666666666";
"Saint Anthony of Padua";"Sant?????????Enric";"0.8611111111111112";
"Gaius Julius Caesar";"freddie mercury";"0.6207570207570208";
True Positive: 1340
True Negative: 34
False Positive: 4
False Negative: 24
Accuracy: 0.9800285306704708
Precision: 0.9970238095238095
Recall: 0.9824046920821115
F-measure: 0.9896602658788773
Overall time: 0.232276 ms
Average match time: 1.656747503566334E-4 ms
Start evaluation on file src/main/resources/dataset/datasetMatch.xml
Passed 1344 tests on 1402. Total time: 437512.964096 millisec
"King Henry VII";"Kign Henry";"0.0";
"Re Enrico VIII";"Kign Henry";"0.0";
"Re Henry VII";"Kign Henry";"0.0";
"Henry VIII of England";"Kign Henry";"0.0";
"King Henry VIII";"Kign Henry";"0.0";
"Enrico VIII d?????????Inghilterra";"Kign Henry";"0.0";
"Re Enrico VIII";"Kign Henry";"0.0";
"John Paul II";"Karl Wojtyla";"0.0";
"John Paul II";"Karpl Wojtyla";"0.0";
"Giovanni Paolo II";"Karl Wojtyla";"0.0";
"Giovanni Paolo II";"Karpl Wojtyla";"0.0";
"Papa Giovanni Paolo II";"Karl Wojtyla";"0.0";
"Papa Giovanni Paolo II";"Karpl Wojtyla";"0.0";
"Pope John Paul II";"Karl Wojtyla";"0.0";
"Pope John Paul II";"Karpl Wojtyla";"0.0";
"Beato Giovanni Paolo II";"Karl Wojtyla";"0.0";
"Beato Giovanni Paolo II";"Karpl Wojtyla";"0.0";
"Blessed John Paul II";"Karl Wojtyla";"0.0";
"Blessed John Paul II";"Karpl Wojtyla";"0.0";
"Karol J??????zef Wojty??????a";"Karl Wojtyla";"0.0";
"Karol J??????zef Wojty??????a";"Karpl Wojtyla";"0.0";
"Beato Giovanni Paolo II";"Karl Wojtyla";"0.0";
"Beato Giovanni Paolo II";"Karpl Wojtyla";"0.0";
"Papa Giovanni Paolo II";"Karl Wojtyla";"0.0";
"Papa Giovanni Paolo II";"Karpl Wojtyla";"0.0";
"Pope John Paul II";"Karl Wojtyla";"0.0";
"Pope John Paul II";"Karpl Wojtyla";"0.0";
"Blessed Pope John Paul II";"Karl Wojtyla";"0.0";
"Blessed Pope John Paul II";"Karpl Wojtyla";"0.0";
"Julius Caesar";"Cessre";"0.0";
"Giulio Cesare";"Cessre";"0.0";
"Gaius Julius Caesar";"Cessre";"0.0";
"Gaio Giulio Cesare";"Cessre";"0.0";
"Enrico Bignotti";"EB";"0.0";
"Sig. Enrico Bignotti";"EB";"0.0";
"Sig. Enrico Bignotti";"EB";"0.0";
"E. Bignotti";"EB";"0.0";
"Enrico B.";"EB";"0.0";
"Bigno";"EB";"0.0";
"Chicco";"EB";"0.0";
"E. B.";"EB";"0.0";
"SIgn Bignotti Enrico";"EB";"0.0";
"Slash";"Slsah";"0.0";
"Saul Hudson";"Slsah";"0.0";
"S. Hudson";"Slsah";"0.0";
"Saul H.";"Slsah";"0.0";
"S. H.";"Slsah";"0.0";
"Jos?????? Chilavert";"Jos??????  Luis";"0.0";
"Jos?????? Chilavert";"Jos?????? F??????li";"0.0";
"Jos?????? Chilavert";"Jos?????? Gonz??????lwz";"0.0";
"Jos?????? Felix Chilavert Gonzalez";"Jos??????  Luis";"0.0";
"Jos?????? Felix Chilavert Gonzalez";"Jos?????? F??????li";"0.0";
"Jos?????? Felix Chilavert Gonzalez";"Jos?????? Gonz??????lwz";"0.0";
"Alberto Asor Rosa";"Albert Rosa";"0.0";
"Alberto Asor Rosa";"Alberto ROsd";"0.0";
"Alberto Asor Rosa";"Albreto Rosa";"0.0";
"Henry VIII of England";"Chicco";"1.0";
"Saint Anthony of Padua";"Sant?????????Enric";"0.7222222222222222";
True Positive: 1308
True Negative: 36
False Positive: 2
False Negative: 56
Accuracy: 0.9586305278174037
Precision: 0.9984732824427481
Recall: 0.9589442815249267
F-measure: 0.9783096484667166
Overall time: 0.43750499999999887 ms
Average match time: 3.120577746077025E-4 ms
Start evaluation on file src/main/resources/dataset/datasetMatch.xml
Passed 1285 tests on 1402. Total time: 525898.368 millisec
"King Henry VII";"King Henry xviii";"0.0";
"King Henry VII";"Kign Henry";"0.0";
"Re Enrico VIII";"King Henry xviii";"0.0";
"Re Enrico VIII";"Kign Henry";"0.0";
"Re Henry VII";"King Henry xviii";"0.0";
"Re Henry VII";"Kign Henry";"0.0";
"Henry VIII of England";"King Henry xviii";"0.0";
"Henry VIII of England";"Kign Henry";"0.0";
"King Henry VIII";"King Henry xviii";"0.0";
"King Henry VIII";"Kign Henry";"0.0";
"Enrico VIII d?????????Inghilterra";"King Henry xviii";"0.0";
"Enrico VIII d?????????Inghilterra";"Kign Henry";"0.0";
"Re Enrico VIII";"King Henry xviii";"0.0";
"Re Enrico VIII";"Kign Henry";"0.0";
"John Paul II";"Karl Wojtyla";"0.0";
"John Paul II";"Karpl Wojtyla";"0.0";
"John Paul II";"Giovanni Paloo";"0.0";
"Giovanni Paolo II";"Karl Wojtyla";"0.0";
"Giovanni Paolo II";"Karpl Wojtyla";"0.0";
"Giovanni Paolo II";"Giovanni Paloo";"0.0";
"Papa Giovanni Paolo II";"Karl Wojtyla";"0.0";
"Papa Giovanni Paolo II";"Karpl Wojtyla";"0.0";
"Papa Giovanni Paolo II";"Giovanni Paloo";"0.0";
"Pope John Paul II";"Karl Wojtyla";"0.0";
"Pope John Paul II";"Karpl Wojtyla";"0.0";
"Pope John Paul II";"Giovanni Paloo";"0.0";
"Beato Giovanni Paolo II";"Karl Wojtyla";"0.0";
"Beato Giovanni Paolo II";"Karpl Wojtyla";"0.0";
"Beato Giovanni Paolo II";"Giovanni Paloo";"0.0";
"Blessed John Paul II";"Karl Wojtyla";"0.0";
"Blessed John Paul II";"Karpl Wojtyla";"0.0";
"Blessed John Paul II";"Giovanni Paloo";"0.0";
"Karol J??????zef Wojty??????a";"Karl Wojtyla";"0.0";
"Karol J??????zef Wojty??????a";"Karpl Wojtyla";"0.0";
"Karol J??????zef Wojty??????a";"Giovanni Paloo";"0.0";
"Beato Giovanni Paolo II";"Karl Wojtyla";"0.0";
"Beato Giovanni Paolo II";"Karpl Wojtyla";"0.0";
"Beato Giovanni Paolo II";"Giovanni Paloo";"0.0";
"Papa Giovanni Paolo II";"Karl Wojtyla";"0.0";
"Papa Giovanni Paolo II";"Karpl Wojtyla";"0.0";
"Papa Giovanni Paolo II";"Giovanni Paloo";"0.0";
"Pope John Paul II";"Karl Wojtyla";"0.0";
"Pope John Paul II";"Karpl Wojtyla";"0.0";
"Pope John Paul II";"Giovanni Paloo";"0.0";
"Blessed Pope John Paul II";"Karl Wojtyla";"0.0";
"Blessed Pope John Paul II";"Karpl Wojtyla";"0.0";
"Blessed Pope John Paul II";"Giovanni Paloo";"0.0";
"Antonio da Padova";"St Antohny";"0.0";
"Anthony of Padua";"St Antohny";"0.0";
"Sant?????????Antonio da Padova";"St Antohny";"0.0";
"Saint Anthony of Padua";"St Antohny";"0.0";
"S. Antonio da Padova";"St Antohny";"0.0";
"St Anthony of Padua";"St Antohny";"0.0";
"Anthony of Lisbon";"St Antohny";"0.0";
"Saint Anthony of Padua";"St Antohny";"0.0";
"Saint Anthony of Lisbon";"St Antohny";"0.0";
"Saint Anthony";"St Antohny";"0.0";
"St Anthony of Lisbon";"St Antohny";"0.0";
"St Anthony of Padua";"St Antohny";"0.0";
"Saint Henry";"Sant Enroco";"0.0";
"Sant?????????Enrico";"Sant Enroco";"0.0";
"S. Enrico";"Sant Enroco";"0.0";
"St Henry";"Sant Enroco";"0.0";
"Re Enrico";"Sant Enroco";"0.0";
"King Henry";"Sant Enroco";"0.0";
"Henry II";"Sant Enroco";"0.0";
"King Henry II";"Sant Enroco";"0.0";
"St Henry";"Sant Enroco";"0.0";
"Re Enrico II";"Sant Enroco";"0.0";
"Enrico II";"Sant Enroco";"0.0";
"Julius Caesar";"Cessre";"0.0";
"Julius Caesar";"Caesre";"0.0";
"Giulio Cesare";"Cessre";"0.0";
"Giulio Cesare";"Caesre";"0.0";
"Gaius Julius Caesar";"Cessre";"0.0";
"Gaius Julius Caesar";"Caesre";"0.0";
"Gaio Giulio Cesare";"Cessre";"0.0";
"Gaio Giulio Cesare";"Caesre";"0.0";
"Aristot??????les";"Aristple";"0.0";
"Aristotle";"Aristple";"0.0";
"Enrico Bignotti";"EB";"0.0";
"Sig. Enrico Bignotti";"EB";"0.0";
"Sig. Enrico Bignotti";"EB";"0.0";
"E. Bignotti";"EB";"0.0";
"Enrico B.";"EB";"0.0";
"Bigno";"EB";"0.0";
"Chicco";"EB";"0.0";
"E. B.";"EB";"0.0";
"SIgn Bignotti Enrico";"EB";"0.0";
"Slash";"saul";"0.0";
"Slash";"Slsh";"0.0";
"Slash";"Slsah";"0.0";
"Saul Hudson";"saul";"0.0";
"Saul Hudson";"Slsh";"0.0";
"Saul Hudson";"Slsah";"0.0";
"S. Hudson";"saul";"0.0";
"S. Hudson";"Slsh";"0.0";
"S. Hudson";"Slsah";"0.0";
"Saul H.";"saul";"0.0";
"Saul H.";"Slsh";"0.0";
"Saul H.";"Slsah";"0.0";
"S. H.";"saul";"0.0";
"S. H.";"Slsh";"0.0";
"S. H.";"Slsah";"0.0";
"Jos?????? Chilavert";"Jos??????  Luis";"0.0";
"Jos?????? Chilavert";"Jos?????? F??????li";"0.0";
"Jos?????? Chilavert";"Jos?????? Gonz??????lwz";"0.0";
"Jos?????? Felix Chilavert Gonzalez";"Jos??????  Luis";"0.0";
"Jos?????? Felix Chilavert Gonzalez";"Jos?????? F??????li";"0.0";
"Jos?????? Felix Chilavert Gonzalez";"Jos?????? Gonz??????lwz";"0.0";
"Alberto Asor Rosa";"asor alberto";"0.0";
"Alberto Asor Rosa";"Albert Rosa";"0.0";
"Alberto Asor Rosa";"Alberto ROsd";"0.0";
"Alberto Asor Rosa";"Albreto Rosa";"0.0";
"William Carlos Williams";"Willaim Williams";"0.0";
"William C. Williams";"Willaim Williams";"0.0";
"Henry VIII of England";"Chicco";"1.0";
True Positive: 1248
True Negative: 37
False Positive: 1
False Negative: 116
Accuracy: 0.9165477888730386
Precision: 0.9991993594875901
Recall: 0.9149560117302052
F-measure: 0.955223880597015
Overall time: 0.5258889999999989 ms
Average match time: 3.750991440798851E-4 ms
Start evaluation on file src/main/resources/dataset/datasetMatch.xml
Start evaluation on file src/main/resources/dataset/datasetMatch.xml
Start evaluation on file src/main/resources/dataset/datasetMatch.xml
True Positive: 1
True Negative: 0
False Positive: 0
False Negative: 11
Accuracy: 0.08333333333333333
Precision: 1.0
Recall: 0.08333333333333333
F-measure: 0.15384615384615385
Overall time: 0.007598999999999999 ms
Average match time: Infinity ms
Passed 0 tests on 0. Total time: 7602.343168 millisec
True Positive: 1
True Negative: 0
False Positive: 0
False Negative: 11
Accuracy: 0.08333333333333333
Precision: 1.0
Recall: 0.08333333333333333
F-measure: 0.15384615384615385
Overall time: 0.007598999999999999 ms
Average match time: Infinity ms
Start evaluation on file src/main/resources/dataset/datasetMatch.xml
True Positive: 1
True Negative: 0
False Positive: 0
False Negative: 11
Accuracy: 0.08333333333333333
Precision: 1.0
Recall: 0.08333333333333333
F-measure: 0.15384615384615385
Overall time: 0.008428 ms
Average match time: Infinity ms
Passed 0 tests on 0. Total time: 8440.734976 millisec
True Positive: 1
True Negative: 0
False Positive: 0
False Negative: 11
Accuracy: 0.08333333333333333
Precision: 1.0
Recall: 0.08333333333333333
F-measure: 0.15384615384615385
Overall time: 0.008428 ms
Average match time: Infinity ms
Start evaluation on file src/main/resources/dataset/datasetMatch.xml
True Positive: 6
True Negative: 0
False Positive: 0
False Negative: 11
Accuracy: 0.35294117647058826
Precision: 1.0
Recall: 0.35294117647058826
F-measure: 0.5217391304347826
Overall time: 0.009023999999999999 ms
Average match time: Infinity ms
Passed 0 tests on 0. Total time: 9032.454144 millisec
True Positive: 6
True Negative: 0
False Positive: 0
False Negative: 11
Accuracy: 0.35294117647058826
Precision: 1.0
Recall: 0.35294117647058826
F-measure: 0.5217391304347826
Overall time: 0.009023999999999999 ms
Average match time: Infinity ms
Start evaluation on file src/main/resources/dataset/datasetMatch.xml
True Positive: 6
True Negative: 0
False Positive: 0
False Negative: 11
Accuracy: 0.35294117647058826
Precision: 1.0
Recall: 0.35294117647058826
F-measure: 0.5217391304347826
Overall time: 0.012291999999999999 ms
Average match time: Infinity ms
Passed 0 tests on 0. Total time: 12301.889024 millisec
True Positive: 6
True Negative: 0
False Positive: 0
False Negative: 11
Accuracy: 0.35294117647058826
Precision: 1.0
Recall: 0.35294117647058826
F-measure: 0.5217391304347826
Overall time: 0.012291999999999999 ms
Average match time: Infinity ms
Start evaluation on file src/main/resources/dataset/datasetMatch.xml
True Positive: 6
True Negative: 0
False Positive: 0
False Negative: 11
Accuracy: 0.35294117647058826
Precision: 1.0
Recall: 0.35294117647058826
F-measure: 0.5217391304347826
Overall time: 0.010041999999999999 ms
Average match time: Infinity ms
Passed 0 tests on 0. Total time: 10093.001984 millisec
True Positive: 6
True Negative: 0
False Positive: 0
False Negative: 11
Accuracy: 0.35294117647058826
Precision: 1.0
Recall: 0.35294117647058826
F-measure: 0.5217391304347826
Overall time: 0.010041999999999999 ms
Average match time: Infinity ms
Start evaluation on file src/main/resources/dataset/datasetMatch.xml
True Positive: 6
True Negative: 0
False Positive: 0
False Negative: 11
Accuracy: 0.35294117647058826
Precision: 1.0
Recall: 0.35294117647058826
F-measure: 0.5217391304347826
Overall time: 0.014601 ms
Average match time: Infinity ms
Passed 0 tests on 0. Total time: 14614.72896 millisec
True Positive: 6
True Negative: 0
False Positive: 0
False Negative: 11
Accuracy: 0.35294117647058826
Precision: 1.0
Recall: 0.35294117647058826
F-measure: 0.5217391304347826
Overall time: 0.014601 ms
Average match time: Infinity ms
Start evaluation on file src/main/resources/dataset/datasetMatch.xml
True Positive: 6
True Negative: 0
False Positive: 0
False Negative: 11
Accuracy: 0.35294117647058826
Precision: 1.0
Recall: 0.35294117647058826
F-measure: 0.5217391304347826
Overall time: 0.012417000000000001 ms
Average match time: Infinity ms
Passed 0 tests on 0. Total time: 12444.281088 millisec
True Positive: 6
True Negative: 0
False Positive: 0
False Negative: 11
Accuracy: 0.35294117647058826
Precision: 1.0
Recall: 0.35294117647058826
F-measure: 0.5217391304347826
Overall time: 0.012417000000000001 ms
Average match time: Infinity ms
Start evaluation on file src/main/resources/dataset/censusMatch.xml
True Positive: 9
True Negative: 0
False Positive: 0
False Negative: 11
Accuracy: 0.45
Precision: 1.0
Recall: 0.45
F-measure: 0.6206896551724138
Overall time: 0.132133 ms
Average match time: Infinity ms
Passed 0 tests on 0. Total time: 132242.324992 millisec
True Positive: 9
True Negative: 0
False Positive: 0
False Negative: 11
Accuracy: 0.45
Precision: 1.0
Recall: 0.45
F-measure: 0.6206896551724138
Overall time: 0.132133 ms
Average match time: Infinity ms
Start evaluation on file src/main/resources/dataset/censusMatch.xml
Start evaluation on file src/main/resources/dataset/censusMatch.xml
Start evaluation on file src/main/resources/dataset/censusMatch.xml
Start evaluation on file src/main/resources/dataset/censusMatch.xml
Start evaluation on file src/main/resources/dataset/censusMatch.xml
Start evaluation on file src/main/resources/dataset/censusMatch.xml
Start evaluation on file src/main/resources/dataset/censusMatch.xml
Start evaluation on file src/main/resources/dataset/censusMatch.xml
Start evaluation on file src/main/resources/dataset/censusMatch.xml
Start evaluation on file src/main/resources/dataset/censusMatch.xml
Start evaluation on file src/main/resources/dataset/censusMatch.xml
Start evaluation on file src/main/resources/dataset/censusMatch.xml
Start evaluation on file src/main/resources/dataset/censusMatch.xml
Start evaluation on file src/main/resources/dataset/censusMatch.xml
Start evaluation on file src/main/resources/dataset/censusMatch.xml
Start evaluation on file src/main/resources/dataset/datasetMatch.xml
Passed 1179 tests on 1402. Total time: 992543.587072 millisec
"Re Enricp";"King Henry VII";"0.0";
"Kign Henry";"King Henry VII";"0.0";
"King Henry xviii";"Re Enrico VIII";"0.0";
"King Hennry";"Re Enrico VIII";"0.0";
"Re Enricp";"Re Enrico VIII";"0.0";
"Kign Henry";"Re Enrico VIII";"0.0";
"King Henry xviii";"Re Henry VII";"0.0";
"King Hennry";"Re Henry VII";"0.0";
"Re Enricp";"Re Henry VII";"0.0";
"Kign Henry";"Re Henry VII";"0.0";
"King Henry xviii";"Henry VIII of England";"0.0";
"King Hennry";"Henry VIII of England";"0.0";
"Re Enricp";"Henry VIII of England";"0.0";
"Kign Henry";"Henry VIII of England";"0.0";
"King Hennry";"King Henry VIII";"0.0";
"Re Enricp";"King Henry VIII";"0.0";
"Kign Henry";"King Henry VIII";"0.0";
"King Henry xviii";"Enrico VIII d?????????Inghilterra";"0.0";
"King Hennry";"Enrico VIII d?????????Inghilterra";"0.0";
"Re Enricp";"Enrico VIII d?????????Inghilterra";"0.0";
"Kign Henry";"Enrico VIII d?????????Inghilterra";"0.0";
"King Henry xviii";"Re Enrico VIII";"0.0";
"King Hennry";"Re Enrico VIII";"0.0";
"Re Enricp";"Re Enrico VIII";"0.0";
"Kign Henry";"Re Enrico VIII";"0.0";
"Queen  Margrethe";"Dronning Margrethe II";"0.0";
"Queen Margrete";"Dronning Margrethe II";"0.0";
"Queen Margerthe";"Dronning Margrethe II";"0.0";
"Queen  Margrethe";"Dronning Margrethe II";"0.0";
"Queen Margrete";"Dronning Margrethe II";"0.0";
"Queen Margerthe";"Dronning Margrethe II";"0.0";
"Queen  Margrethe";"Margrethe Alexandrine d??????rhildur Ingrid";"0.0";
"Queen Margrete";"Margrethe Alexandrine d??????rhildur Ingrid";"0.0";
"Queen Margerthe";"Margrethe Alexandrine d??????rhildur Ingrid";"0.0";
"Karl Wojtyla";"John Paul II";"0.0";
"Karpl Wojtyla";"John Paul II";"0.0";
"John Paul  II";"Giovanni Paolo II";"0.0";
"Karl Wojtyla";"Giovanni Paolo II";"0.0";
"Karpl Wojtyla";"Giovanni Paolo II";"0.0";
"John Paul  II";"Papa Giovanni Paolo II";"0.0";
"Karl Wojtyla";"Papa Giovanni Paolo II";"0.0";
"Karpl Wojtyla";"Papa Giovanni Paolo II";"0.0";
"John Paul  II";"Pope John Paul II";"0.0";
"Karl Wojtyla";"Pope John Paul II";"0.0";
"Karpl Wojtyla";"Pope John Paul II";"0.0";
"John Paul  II";"Beato Giovanni Paolo II";"0.0";
"Karl Wojtyla";"Beato Giovanni Paolo II";"0.0";
"Karpl Wojtyla";"Beato Giovanni Paolo II";"0.0";
"John Paul  II";"Blessed John Paul II";"0.0";
"Karl Wojtyla";"Blessed John Paul II";"0.0";
"Karpl Wojtyla";"Blessed John Paul II";"0.0";
"John Paul  II";"Karol J??????zef Wojty??????a";"0.0";
"Karl Wojtyla";"Karol J??????zef Wojty??????a";"0.0";
"Karpl Wojtyla";"Karol J??????zef Wojty??????a";"0.0";
"John Paul  II";"Beato Giovanni Paolo II";"0.0";
"Karl Wojtyla";"Beato Giovanni Paolo II";"0.0";
"Karpl Wojtyla";"Beato Giovanni Paolo II";"0.0";
"John Paul  II";"Papa Giovanni Paolo II";"0.0";
"Karl Wojtyla";"Papa Giovanni Paolo II";"0.0";
"Karpl Wojtyla";"Papa Giovanni Paolo II";"0.0";
"John Paul  II";"Pope John Paul II";"0.0";
"Karl Wojtyla";"Pope John Paul II";"0.0";
"Karpl Wojtyla";"Pope John Paul II";"0.0";
"John Paul  II";"Blessed Pope John Paul II";"0.0";
"Karl Wojtyla";"Blessed Pope John Paul II";"0.0";
"Karpl Wojtyla";"Blessed Pope John Paul II";"0.0";
"St  Anthony";"Antonio da Padova";"0.0";
"Saint Anthonny";"Antonio da Padova";"0.0";
"Antjony";"Antonio da Padova";"0.0";
"St Anthony";"Antonio da Padova";"0.0";
"St Antohny";"Antonio da Padova";"0.0";
"St  Anthony";"Anthony of Padua";"0.0";
"Saint Anthonny";"Anthony of Padua";"0.0";
"Antjony";"Anthony of Padua";"0.0";
"St Anthony";"Anthony of Padua";"0.0";
"St Antohny";"Anthony of Padua";"0.0";
"St  Anthony";"Sant?????????Antonio da Padova";"0.0";
"Saint Anthonny";"Sant?????????Antonio da Padova";"0.0";
"Antjony";"Sant?????????Antonio da Padova";"0.0";
"St Anthony";"Sant?????????Antonio da Padova";"0.0";
"St Antohny";"Sant?????????Antonio da Padova";"0.0";
"St  Anthony";"Saint Anthony of Padua";"0.0";
"Saint Anthonny";"Saint Anthony of Padua";"0.0";
"Antjony";"Saint Anthony of Padua";"0.0";
"St Anthony";"Saint Anthony of Padua";"0.0";
"St Antohny";"Saint Anthony of Padua";"0.0";
"St  Anthony";"S. Antonio da Padova";"0.0";
"Saint Anthonny";"S. Antonio da Padova";"0.0";
"Antjony";"S. Antonio da Padova";"0.0";
"St Anthony";"S. Antonio da Padova";"0.0";
"St Antohny";"S. Antonio da Padova";"0.0";
"St  Anthony";"St Anthony of Padua";"0.0";
"Saint Anthonny";"St Anthony of Padua";"0.0";
"Antjony";"St Anthony of Padua";"0.0";
"St Anthony";"St Anthony of Padua";"0.0";
"St Antohny";"St Anthony of Padua";"0.0";
"St  Anthony";"Anthony of Lisbon";"0.0";
"Saint Anthonny";"Anthony of Lisbon";"0.0";
"Antjony";"Anthony of Lisbon";"0.0";
"St Anthony";"Anthony of Lisbon";"0.0";
"St Antohny";"Anthony of Lisbon";"0.0";
"St  Anthony";"Saint Anthony of Padua";"0.0";
"Saint Anthonny";"Saint Anthony of Padua";"0.0";
"Antjony";"Saint Anthony of Padua";"0.0";
"St Anthony";"Saint Anthony of Padua";"0.0";
"St Antohny";"Saint Anthony of Padua";"0.0";
"St  Anthony";"Saint Anthony of Lisbon";"0.0";
"Saint Anthonny";"Saint Anthony of Lisbon";"0.0";
"Antjony";"Saint Anthony of Lisbon";"0.0";
"St Anthony";"Saint Anthony of Lisbon";"0.0";
"St Antohny";"Saint Anthony of Lisbon";"0.0";
"Antjony";"Saint Anthony";"0.0";
"St  Anthony";"St Anthony of Lisbon";"0.0";
"Saint Anthonny";"St Anthony of Lisbon";"0.0";
"Antjony";"St Anthony of Lisbon";"0.0";
"St Anthony";"St Anthony of Lisbon";"0.0";
"St Antohny";"St Anthony of Lisbon";"0.0";
"St  Anthony";"St Anthony of Padua";"0.0";
"Saint Anthonny";"St Anthony of Padua";"0.0";
"Antjony";"St Anthony of Padua";"0.0";
"St Anthony";"St Anthony of Padua";"0.0";
"St Antohny";"St Anthony of Padua";"0.0";
"Sant Enroco";"Sant?????????Enrico";"0.0";
"Sant Enroco";"S. Enrico";"0.0";
"Sant Enroco";"St Henry";"0.0";
"Sant Enroco";"Re Enrico";"0.0";
"Sant Enroco";"King Henry";"0.0";
"Sant Enroco";"Henry II";"0.0";
"Sant Enroco";"King Henry II";"0.0";
"Sant Enroco";"St Henry";"0.0";
"Sant Enroco";"Re Enrico II";"0.0";
"Sant Enroco";"Enrico II";"0.0";
"Giulio Cesre";"Julius Caesar";"0.0";
"Giulio Cessare";"Julius Caesar";"0.0";
"Cessre";"Julius Caesar";"0.0";
"Caesre";"Julius Caesar";"0.0";
"Cessre";"Giulio Cesare";"0.0";
"Caesre";"Giulio Cesare";"0.0";
"Giulio  Cesare";"Gaius Julius Caesar";"0.0";
"Giulio Cesre";"Gaius Julius Caesar";"0.0";
"Giulio Cessare";"Gaius Julius Caesar";"0.0";
"Cessre";"Gaius Julius Caesar";"0.0";
"Caesre";"Gaius Julius Caesar";"0.0";
"Giulio  Cesare";"Gaio Giulio Cesare";"0.0";
"Giulio Cesre";"Gaio Giulio Cesare";"0.0";
"Giulio Cessare";"Gaio Giulio Cesare";"0.0";
"Cessre";"Gaio Giulio Cesare";"0.0";
"Caesre";"Gaio Giulio Cesare";"0.0";
"Bonsparte";"Napol??????on";"0.0";
"Bonaprate";"Napol??????on";"0.0";
"Bonsparte";"Napoleon Bonaparte";"0.0";
"Bonaprate";"Napoleon Bonaparte";"0.0";
"Napoleone Bonapart";"Napol??????on Bonaparte";"0.0";
"Bonsparte";"Napol??????on Bonaparte";"0.0";
"Bonaprate";"Napol??????on Bonaparte";"0.0";
"Bonsparte";"Napol??????on";"0.0";
"Bonaprate";"Napol??????on";"0.0";
"Zamperi Alex";"Alex Catania Zampieri";"0.0";
"EB";"Enrico Bignotti";"0.0";
"E.  B.";"Enrico Bignotti";"0.0";
"EB";"Sig. Enrico Bignotti";"0.0";
"E.  B.";"Sig. Enrico Bignotti";"0.0";
"Enrico Bignptti";"Sig. Enrico Bignotti";"0.0";
"Enrico Bingotti";"Sig. Enrico Bignotti";"0.0";
"EB";"Sig. Enrico Bignotti";"0.0";
"E.  B.";"Sig. Enrico Bignotti";"0.0";
"Enrico Bignptti";"Sig. Enrico Bignotti";"0.0";
"Enrico Bingotti";"Sig. Enrico Bignotti";"0.0";
"EB";"E. Bignotti";"0.0";
"E.  B.";"E. Bignotti";"0.0";
"EB";"Enrico B.";"0.0";
"E.  B.";"Enrico B.";"0.0";
"EB";"Bigno";"0.0";
"E.  B.";"Bigno";"0.0";
"EB";"Chicco";"0.0";
"E.  B.";"Chicco";"0.0";
"EB";"E. B.";"0.0";
"EB";"SIgn Bignotti Enrico";"0.0";
"E.  B.";"SIgn Bignotti Enrico";"0.0";
"Enrico Bignptti";"SIgn Bignotti Enrico";"0.0";
"Enrico Bingotti";"SIgn Bignotti Enrico";"0.0";
"Twin Mark";"Samuel Clemens";"0.0";
"Twin Mark";"Samuel Langhorne Clemens";"0.0";
"Twin Mark";"Samuel L. Clemens";"0.0";
"Francisco  Franco";"Francisco Franco y Bahamonde";"0.0";
"Caudilo";"Francisco Franco y Bahamonde";"0.0";
"FRancissco Franco";"Francisco Franco y Bahamonde";"0.0";
"Franicsco Franco";"Francisco Franco y Bahamonde";"0.0";
"Francisco  Franco";"General??????simo Franco";"0.0";
"Caudilo";"General??????simo Franco";"0.0";
"FRancissco Franco";"General??????simo Franco";"0.0";
"Franicsco Franco";"General??????simo Franco";"0.0";
"Francisco  Franco";"Caudillo de Espa??????a";"0.0";
"Caudilo";"Caudillo de Espa??????a";"0.0";
"FRancissco Franco";"Caudillo de Espa??????a";"0.0";
"Franicsco Franco";"Caudillo de Espa??????a";"0.0";
"jos??????";"Jos?????? Chilavert";"0.0";
"Jos??????  Luis";"Jos?????? Chilavert";"0.0";
"Jos?????? F??????li";"Jos?????? Chilavert";"0.0";
"Jos?????? Gonz??????lwz";"Jos?????? Chilavert";"0.0";
"jos??????";"Jos?????? Felix Chilavert Gonzalez";"0.0";
"Jos??????  Luis";"Jos?????? Felix Chilavert Gonzalez";"0.0";
"Jos?????? F??????li";"Jos?????? Felix Chilavert Gonzalez";"0.0";
"Jos?????? Chillavert";"Jos?????? Felix Chilavert Gonzalez";"0.0";
"Jos?????? Gonz??????lwz";"Jos?????? Felix Chilavert Gonzalez";"0.0";
"Jo??????s Chilavert";"Jos?????? Felix Chilavert Gonzalez";"0.0";
"Juan  Ignacio";"Juan Ignacio Pane Fern??????ndez";"0.0";
"asor alberto";"Alberto Asor Rosa";"0.0";
"Asor  Rosa";"Alberto Asor Rosa";"0.0";
"Albert Rosa";"Alberto Asor Rosa";"0.0";
"Alberto Assor";"Alberto Asor Rosa";"0.0";
"Alberto ROsd";"Alberto Asor Rosa";"0.0";
"Albreto Rosa";"Alberto Asor Rosa";"0.0";
"Pilip Dick";"Philip K. Dick";"0.0";
"Philip K Dick";"Philip Kindred Dick";"0.0";
"Philip  Dick";"Philip Kindred Dick";"0.0";
"Pilip Dick";"Philip Kindred Dick";"0.0";
"Phillip Dick";"Philip Kindred Dick";"0.0";
"Pholip Dick";"Philip Kindred Dick";"0.0";
"Philip Dikc";"Philip Kindred Dick";"0.0";
"William  Carlos";"William Carlos Williams";"0.0";
"Wiliam Wiliams";"William Carlos Williams";"0.0";
"William  Carlos";"William C. Williams";"0.0";
True Positive: 1141
True Negative: 38
False Positive: 0
False Negative: 223
Accuracy: 0.8409415121255349
Precision: 1.0
Recall: 0.8365102639296188
F-measure: 0.9109780439121757
Overall time: 0.9921589999999993 ms
Average match time: 7.076740370898711E-4 ms
Start evaluation on file src/main/resources/dataset/datasetMatch.xml
Passed 1191 tests on 1402. Total time: 920190.452992 millisec
"Re Enricp";"King Henry VII";"0.0";
"King Henry xviii";"Re Enrico VIII";"0.0";
"King Hennry";"Re Enrico VIII";"0.0";
"Re Enricp";"Re Enrico VIII";"0.0";
"Kign Henry";"Re Enrico VIII";"0.0";
"King Henry xviii";"Re Henry VII";"0.0";
"King Hennry";"Re Henry VII";"0.0";
"Re Enricp";"Re Henry VII";"0.0";
"Kign Henry";"Re Henry VII";"0.0";
"King Henry xviii";"Henry VIII of England";"0.0";
"King Hennry";"Henry VIII of England";"0.0";
"Re Enricp";"Henry VIII of England";"0.0";
"Kign Henry";"Henry VIII of England";"0.0";
"Re Enricp";"King Henry VIII";"0.0";
"Kign Henry";"King Henry VIII";"0.0";
"King Henry xviii";"Enrico VIII d?????????Inghilterra";"0.0";
"King Hennry";"Enrico VIII d?????????Inghilterra";"0.0";
"Re Enricp";"Enrico VIII d?????????Inghilterra";"0.0";
"Kign Henry";"Enrico VIII d?????????Inghilterra";"0.0";
"King Henry xviii";"Re Enrico VIII";"0.0";
"King Hennry";"Re Enrico VIII";"0.0";
"Re Enricp";"Re Enrico VIII";"0.0";
"Kign Henry";"Re Enrico VIII";"0.0";
"Queen  Margrethe";"Dronning Margrethe II";"0.0";
"Queen Margrete";"Dronning Margrethe II";"0.0";
"Queen Margerthe";"Dronning Margrethe II";"0.0";
"Queen  Margrethe";"Dronning Margrethe II";"0.0";
"Queen Margrete";"Dronning Margrethe II";"0.0";
"Queen Margerthe";"Dronning Margrethe II";"0.0";
"Queen  Margrethe";"Margrethe Alexandrine d??????rhildur Ingrid";"0.0";
"Queen Margrete";"Margrethe Alexandrine d??????rhildur Ingrid";"0.0";
"Queen Margerthe";"Margrethe Alexandrine d??????rhildur Ingrid";"0.0";
"Karl Wojtyla";"John Paul II";"0.0";
"Karpl Wojtyla";"John Paul II";"0.0";
"John Paul  II";"Giovanni Paolo II";"0.0";
"Karl Wojtyla";"Giovanni Paolo II";"0.0";
"Karpl Wojtyla";"Giovanni Paolo II";"0.0";
"John Paul  II";"Papa Giovanni Paolo II";"0.0";
"Karl Wojtyla";"Papa Giovanni Paolo II";"0.0";
"Karpl Wojtyla";"Papa Giovanni Paolo II";"0.0";
"Karl Wojtyla";"Pope John Paul II";"0.0";
"Karpl Wojtyla";"Pope John Paul II";"0.0";
"John Paul  II";"Beato Giovanni Paolo II";"0.0";
"Karl Wojtyla";"Beato Giovanni Paolo II";"0.0";
"Karpl Wojtyla";"Beato Giovanni Paolo II";"0.0";
"John Paul  II";"Blessed John Paul II";"0.0";
"Karl Wojtyla";"Blessed John Paul II";"0.0";
"Karpl Wojtyla";"Blessed John Paul II";"0.0";
"John Paul  II";"Karol J??????zef Wojty??????a";"0.0";
"Karl Wojtyla";"Karol J??????zef Wojty??????a";"0.0";
"Karpl Wojtyla";"Karol J??????zef Wojty??????a";"0.0";
"John Paul  II";"Beato Giovanni Paolo II";"0.0";
"Karl Wojtyla";"Beato Giovanni Paolo II";"0.0";
"Karpl Wojtyla";"Beato Giovanni Paolo II";"0.0";
"John Paul  II";"Papa Giovanni Paolo II";"0.0";
"Karl Wojtyla";"Papa Giovanni Paolo II";"0.0";
"Karpl Wojtyla";"Papa Giovanni Paolo II";"0.0";
"Karl Wojtyla";"Pope John Paul II";"0.0";
"Karpl Wojtyla";"Pope John Paul II";"0.0";
"John Paul  II";"Blessed Pope John Paul II";"0.0";
"Karl Wojtyla";"Blessed Pope John Paul II";"0.0";
"Karpl Wojtyla";"Blessed Pope John Paul II";"0.0";
"St  Anthony";"Antonio da Padova";"0.0";
"Saint Anthonny";"Antonio da Padova";"0.0";
"Antjony";"Antonio da Padova";"0.0";
"St Anthony";"Antonio da Padova";"0.0";
"St Antohny";"Antonio da Padova";"0.0";
"St  Anthony";"Anthony of Padua";"0.0";
"Saint Anthonny";"Anthony of Padua";"0.0";
"Antjony";"Anthony of Padua";"0.0";
"St Anthony";"Anthony of Padua";"0.0";
"St Antohny";"Anthony of Padua";"0.0";
"St  Anthony";"Sant?????????Antonio da Padova";"0.0";
"Saint Anthonny";"Sant?????????Antonio da Padova";"0.0";
"Antjony";"Sant?????????Antonio da Padova";"0.0";
"St Anthony";"Sant?????????Antonio da Padova";"0.0";
"St Antohny";"Sant?????????Antonio da Padova";"0.0";
"St  Anthony";"Saint Anthony of Padua";"0.0";
"Saint Anthonny";"Saint Anthony of Padua";"0.0";
"Antjony";"Saint Anthony of Padua";"0.0";
"St Anthony";"Saint Anthony of Padua";"0.0";
"St Antohny";"Saint Anthony of Padua";"0.0";
"St  Anthony";"S. Antonio da Padova";"0.0";
"Saint Anthonny";"S. Antonio da Padova";"0.0";
"Antjony";"S. Antonio da Padova";"0.0";
"St Anthony";"S. Antonio da Padova";"0.0";
"St Antohny";"S. Antonio da Padova";"0.0";
"St  Anthony";"St Anthony of Padua";"0.0";
"Saint Anthonny";"St Anthony of Padua";"0.0";
"Antjony";"St Anthony of Padua";"0.0";
"St Anthony";"St Anthony of Padua";"0.0";
"St Antohny";"St Anthony of Padua";"0.0";
"St  Anthony";"Anthony of Lisbon";"0.0";
"Saint Anthonny";"Anthony of Lisbon";"0.0";
"Antjony";"Anthony of Lisbon";"0.0";
"St Anthony";"Anthony of Lisbon";"0.0";
"St Antohny";"Anthony of Lisbon";"0.0";
"St  Anthony";"Saint Anthony of Padua";"0.0";
"Saint Anthonny";"Saint Anthony of Padua";"0.0";
"Antjony";"Saint Anthony of Padua";"0.0";
"St Anthony";"Saint Anthony of Padua";"0.0";
"St Antohny";"Saint Anthony of Padua";"0.0";
"St  Anthony";"Saint Anthony of Lisbon";"0.0";
"Saint Anthonny";"Saint Anthony of Lisbon";"0.0";
"Antjony";"Saint Anthony of Lisbon";"0.0";
"St Anthony";"Saint Anthony of Lisbon";"0.0";
"St Antohny";"Saint Anthony of Lisbon";"0.0";
"Antjony";"Saint Anthony";"0.0";
"St  Anthony";"St Anthony of Lisbon";"0.0";
"Saint Anthonny";"St Anthony of Lisbon";"0.0";
"Antjony";"St Anthony of Lisbon";"0.0";
"St Anthony";"St Anthony of Lisbon";"0.0";
"St Antohny";"St Anthony of Lisbon";"0.0";
"St  Anthony";"St Anthony of Padua";"0.0";
"Saint Anthonny";"St Anthony of Padua";"0.0";
"Antjony";"St Anthony of Padua";"0.0";
"St Anthony";"St Anthony of Padua";"0.0";
"St Antohny";"St Anthony of Padua";"0.0";
"Sant Enroco";"Sant?????????Enrico";"0.0";
"Sant Enroco";"S. Enrico";"0.0";
"Sant Enroco";"St Henry";"0.0";
"Sant Enroco";"Re Enrico";"0.0";
"Sant Enroco";"King Henry";"0.0";
"Sant Enroco";"Henry II";"0.0";
"Sant Enroco";"King Henry II";"0.0";
"Sant Enroco";"St Henry";"0.0";
"Sant Enroco";"Re Enrico II";"0.0";
"Sant Enroco";"Enrico II";"0.0";
"Giulio Cesre";"Julius Caesar";"0.0";
"Giulio Cessare";"Julius Caesar";"0.0";
"Cessre";"Julius Caesar";"0.0";
"Caesre";"Julius Caesar";"0.0";
"Cessre";"Giulio Cesare";"0.0";
"Caesre";"Giulio Cesare";"0.0";
"Giulio  Cesare";"Gaius Julius Caesar";"0.0";
"Giulio Cesre";"Gaius Julius Caesar";"0.0";
"Giulio Cessare";"Gaius Julius Caesar";"0.0";
"Cessre";"Gaius Julius Caesar";"0.0";
"Caesre";"Gaius Julius Caesar";"0.0";
"Giulio Cesre";"Gaio Giulio Cesare";"0.0";
"Cessre";"Gaio Giulio Cesare";"0.0";
"Caesre";"Gaio Giulio Cesare";"0.0";
"Bonsparte";"Napol??????on";"0.0";
"Bonaprate";"Napol??????on";"0.0";
"Bonsparte";"Napoleon Bonaparte";"0.0";
"Bonaprate";"Napoleon Bonaparte";"0.0";
"Bonsparte";"Napol??????on Bonaparte";"0.0";
"Bonaprate";"Napol??????on Bonaparte";"0.0";
"Bonsparte";"Napol??????on";"0.0";
"Bonaprate";"Napol??????on";"0.0";
"Zamperi Alex";"Alex Catania Zampieri";"0.0";
"EB";"Enrico Bignotti";"0.0";
"E.  B.";"Enrico Bignotti";"0.0";
"EB";"Sig. Enrico Bignotti";"0.0";
"E.  B.";"Sig. Enrico Bignotti";"0.0";
"Enrico Bignptti";"Sig. Enrico Bignotti";"0.0";
"Enrico Bingotti";"Sig. Enrico Bignotti";"0.0";
"EB";"Sig. Enrico Bignotti";"0.0";
"E.  B.";"Sig. Enrico Bignotti";"0.0";
"Enrico Bignptti";"Sig. Enrico Bignotti";"0.0";
"Enrico Bingotti";"Sig. Enrico Bignotti";"0.0";
"EB";"E. Bignotti";"0.0";
"E.  B.";"E. Bignotti";"0.0";
"EB";"Enrico B.";"0.0";
"E.  B.";"Enrico B.";"0.0";
"EB";"Bigno";"0.0";
"E.  B.";"Bigno";"0.0";
"EB";"Chicco";"0.0";
"E.  B.";"Chicco";"0.0";
"EB";"E. B.";"0.0";
"EB";"SIgn Bignotti Enrico";"0.0";
"E.  B.";"SIgn Bignotti Enrico";"0.0";
"Enrico Bignptti";"SIgn Bignotti Enrico";"0.0";
"Enrico Bingotti";"SIgn Bignotti Enrico";"0.0";
"Twin Mark";"Samuel Clemens";"0.0";
"Twin Mark";"Samuel Langhorne Clemens";"0.0";
"Twin Mark";"Samuel L. Clemens";"0.0";
"Francisco  Franco";"Francisco Franco y Bahamonde";"0.0";
"Caudilo";"Francisco Franco y Bahamonde";"0.0";
"FRancissco Franco";"Francisco Franco y Bahamonde";"0.0";
"Franicsco Franco";"Francisco Franco y Bahamonde";"0.0";
"Francisco  Franco";"General??????simo Franco";"0.0";
"Caudilo";"General??????simo Franco";"0.0";
"FRancissco Franco";"General??????simo Franco";"0.0";
"Franicsco Franco";"General??????simo Franco";"0.0";
"Francisco  Franco";"Caudillo de Espa??????a";"0.0";
"Caudilo";"Caudillo de Espa??????a";"0.0";
"FRancissco Franco";"Caudillo de Espa??????a";"0.0";
"Franicsco Franco";"Caudillo de Espa??????a";"0.0";
"jos??????";"Jos?????? Chilavert";"0.0";
"Jos?????? F??????li";"Jos?????? Chilavert";"0.0";
"Jos?????? Gonz??????lwz";"Jos?????? Chilavert";"0.0";
"jos??????";"Jos?????? Felix Chilavert Gonzalez";"0.0";
"Jos??????  Luis";"Jos?????? Felix Chilavert Gonzalez";"0.0";
"Jos?????? F??????li";"Jos?????? Felix Chilavert Gonzalez";"0.0";
"Jos?????? Chillavert";"Jos?????? Felix Chilavert Gonzalez";"0.0";
"Jos?????? Gonz??????lwz";"Jos?????? Felix Chilavert Gonzalez";"0.0";
"Jo??????s Chilavert";"Jos?????? Felix Chilavert Gonzalez";"0.0";
"Juan  Ignacio";"Juan Ignacio Pane Fern??????ndez";"0.0";
"asor alberto";"Alberto Asor Rosa";"0.0";
"Asor  Rosa";"Alberto Asor Rosa";"0.0";
"Albert Rosa";"Alberto Asor Rosa";"0.0";
"Alberto ROsd";"Alberto Asor Rosa";"0.0";
"Albreto Rosa";"Alberto Asor Rosa";"0.0";
"Philip K Dick";"Philip Kindred Dick";"0.0";
"Philip  Dick";"Philip Kindred Dick";"0.0";
"Pilip Dick";"Philip Kindred Dick";"0.0";
"Phillip Dick";"Philip Kindred Dick";"0.0";
"Pholip Dick";"Philip Kindred Dick";"0.0";
"Philip Dikc";"Philip Kindred Dick";"0.0";
"William  Carlos";"William Carlos Williams";"0.0";
True Positive: 1153
True Negative: 38
False Positive: 0
False Negative: 211
Accuracy: 0.8495007132667618
Precision: 1.0
Recall: 0.8453079178885631
F-measure: 0.9161700437028208
Overall time: 0.9201619999999975 ms
Average match time: 6.563209700427942E-4 ms
